{"/home/user/ringweave/app/src/App.tsx": {"path":"/home/user/ringweave/app/src/App.tsx","statementMap":{"0":{"start":{"line":19,"column":41},"end":{"line":19,"column":51}},"1":{"start":{"line":23,"column":13},"end":{"line":29,"column":null}},"2":{"start":{"line":24,"column":4},"end":{"line":28,"column":null}},"3":{"start":{"line":30,"column":15},"end":{"line":30,"column":null}},"4":{"start":{"line":32,"column":36},"end":{"line":32,"column":null}},"5":{"start":{"line":33,"column":34},"end":{"line":33,"column":null}},"6":{"start":{"line":34,"column":28},"end":{"line":34,"column":null}},"7":{"start":{"line":35,"column":30},"end":{"line":35,"column":null}},"8":{"start":{"line":36,"column":34},"end":{"line":36,"column":null}},"9":{"start":{"line":37,"column":32},"end":{"line":37,"column":null}},"10":{"start":{"line":39,"column":20},"end":{"line":39,"column":null}},"11":{"start":{"line":41,"column":2},"end":{"line":51,"column":null}},"12":{"start":{"line":42,"column":4},"end":{"line":50,"column":null}},"13":{"start":{"line":46,"column":6},"end":{"line":46,"column":null}},"14":{"start":{"line":47,"column":6},"end":{"line":47,"column":null}},"15":{"start":{"line":47,"column":17},"end":{"line":47,"column":null}},"16":{"start":{"line":48,"column":11},"end":{"line":50,"column":null}},"17":{"start":{"line":49,"column":6},"end":{"line":49,"column":null}},"18":{"start":{"line":55,"column":8},"end":{"line":58,"column":null}},"19":{"start":{"line":56,"column":4},"end":{"line":56,"column":null}},"20":{"start":{"line":57,"column":4},"end":{"line":57,"column":null}},"21":{"start":{"line":60,"column":8},"end":{"line":66,"column":null}},"22":{"start":{"line":61,"column":4},"end":{"line":61,"column":null}},"23":{"start":{"line":62,"column":4},"end":{"line":62,"column":null}},"24":{"start":{"line":63,"column":4},"end":{"line":63,"column":null}},"25":{"start":{"line":64,"column":4},"end":{"line":64,"column":null}},"26":{"start":{"line":65,"column":4},"end":{"line":65,"column":null}},"27":{"start":{"line":68,"column":8},"end":{"line":88,"column":null}},"28":{"start":{"line":71,"column":14},"end":{"line":71,"column":null}},"29":{"start":{"line":72,"column":17},"end":{"line":72,"column":null}},"30":{"start":{"line":73,"column":4},"end":{"line":76,"column":null}},"31":{"start":{"line":74,"column":6},"end":{"line":74,"column":null}},"32":{"start":{"line":75,"column":6},"end":{"line":75,"column":null}},"33":{"start":{"line":80,"column":19},"end":{"line":80,"column":null}},"34":{"start":{"line":81,"column":4},"end":{"line":84,"column":null}},"35":{"start":{"line":82,"column":6},"end":{"line":82,"column":null}},"36":{"start":{"line":83,"column":6},"end":{"line":83,"column":null}},"37":{"start":{"line":85,"column":4},"end":{"line":85,"column":null}},"38":{"start":{"line":86,"column":4},"end":{"line":86,"column":null}},"39":{"start":{"line":87,"column":4},"end":{"line":87,"column":null}},"40":{"start":{"line":90,"column":8},"end":{"line":93,"column":null}},"41":{"start":{"line":91,"column":4},"end":{"line":91,"column":null}},"42":{"start":{"line":92,"column":4},"end":{"line":92,"column":null}},"43":{"start":{"line":92,"column":15},"end":{"line":92,"column":null}},"44":{"start":{"line":95,"column":8},"end":{"line":97,"column":null}},"45":{"start":{"line":96,"column":4},"end":{"line":96,"column":null}},"46":{"start":{"line":96,"column":14},"end":{"line":96,"column":null}},"47":{"start":{"line":99,"column":8},"end":{"line":106,"column":null}},"48":{"start":{"line":100,"column":4},"end":{"line":100,"column":null}},"49":{"start":{"line":101,"column":4},"end":{"line":101,"column":null}},"50":{"start":{"line":102,"column":4},"end":{"line":102,"column":null}},"51":{"start":{"line":103,"column":4},"end":{"line":103,"column":null}},"52":{"start":{"line":104,"column":4},"end":{"line":104,"column":null}},"53":{"start":{"line":105,"column":4},"end":{"line":105,"column":null}},"54":{"start":{"line":108,"column":27},"end":{"line":118,"column":null}},"55":{"start":{"line":109,"column":4},"end":{"line":109,"column":null}},"56":{"start":{"line":109,"column":15},"end":{"line":109,"column":null}},"57":{"start":{"line":110,"column":4},"end":{"line":117,"column":null}},"58":{"start":{"line":113,"column":19},"end":{"line":113,"column":null}},"59":{"start":{"line":114,"column":6},"end":{"line":114,"column":null}},"60":{"start":{"line":116,"column":6},"end":{"line":116,"column":null}},"61":{"start":{"line":120,"column":2},"end":{"line":201,"column":null}},"62":{"start":{"line":153,"column":67},"end":{"line":153,"column":87}},"63":{"start":{"line":161,"column":80},"end":{"line":161,"column":109}},"64":{"start":{"line":171,"column":30},"end":{"line":171,"column":null}},"65":{"start":{"line":194,"column":23},"end":{"line":194,"column":null}},"66":{"start":{"line":195,"column":10},"end":{"line":195,"column":null}},"67":{"start":{"line":196,"column":10},"end":{"line":196,"column":null}}},"fnMap":{"0":{"name":"App","decl":{"start":{"line":18,"column":24},"end":{"line":18,"column":30}},"loc":{"start":{"line":18,"column":30},"end":{"line":203,"column":null}},"line":18},"1":{"name":"(anonymous_1)","decl":{"start":{"line":23,"column":13},"end":{"line":23,"column":28}},"loc":{"start":{"line":24,"column":4},"end":{"line":28,"column":null}},"line":24},"2":{"name":"(anonymous_2)","decl":{"start":{"line":41,"column":2},"end":{"line":41,"column":18}},"loc":{"start":{"line":41,"column":18},"end":{"line":51,"column":5}},"line":41},"3":{"name":"(anonymous_3)","decl":{"start":{"line":55,"column":8},"end":{"line":55,"column":31}},"loc":{"start":{"line":55,"column":31},"end":{"line":58,"column":null}},"line":55},"4":{"name":"(anonymous_4)","decl":{"start":{"line":60,"column":8},"end":{"line":60,"column":26}},"loc":{"start":{"line":60,"column":60},"end":{"line":66,"column":null}},"line":60},"5":{"name":"(anonymous_5)","decl":{"start":{"line":68,"column":8},"end":{"line":68,"column":29}},"loc":{"start":{"line":68,"column":29},"end":{"line":88,"column":null}},"line":68},"6":{"name":"(anonymous_6)","decl":{"start":{"line":90,"column":8},"end":{"line":90,"column":33}},"loc":{"start":{"line":90,"column":33},"end":{"line":93,"column":null}},"line":90},"7":{"name":"(anonymous_7)","decl":{"start":{"line":95,"column":8},"end":{"line":95,"column":29}},"loc":{"start":{"line":95,"column":29},"end":{"line":97,"column":null}},"line":95},"8":{"name":"(anonymous_8)","decl":{"start":{"line":99,"column":8},"end":{"line":99,"column":25}},"loc":{"start":{"line":99,"column":42},"end":{"line":106,"column":null}},"line":99},"9":{"name":"(anonymous_9)","decl":{"start":{"line":108,"column":27},"end":{"line":108,"column":34}},"loc":{"start":{"line":108,"column":61},"end":{"line":118,"column":null}},"line":108},"10":{"name":"(anonymous_10)","decl":{"start":{"line":153,"column":52},"end":{"line":153,"column":67}},"loc":{"start":{"line":153,"column":67},"end":{"line":153,"column":87}},"line":153},"11":{"name":"(anonymous_11)","decl":{"start":{"line":161,"column":64},"end":{"line":161,"column":80}},"loc":{"start":{"line":161,"column":80},"end":{"line":161,"column":109}},"line":161},"12":{"name":"(anonymous_12)","decl":{"start":{"line":171,"column":14},"end":{"line":171,"column":30}},"loc":{"start":{"line":171,"column":30},"end":{"line":171,"column":null}},"line":171},"13":{"name":"(anonymous_13)","decl":{"start":{"line":193,"column":8},"end":{"line":193,"column":19}},"loc":{"start":{"line":193,"column":25},"end":{"line":197,"column":null}},"line":193}},"branchMap":{"0":{"loc":{"start":{"line":25,"column":6},"end":{"line":27,"column":null}},"type":"cond-expr","locations":[{"start":{"line":26,"column":10},"end":{"line":26,"column":null}},{"start":{"line":27,"column":10},"end":{"line":27,"column":null}}],"line":25},"1":{"loc":{"start":{"line":42,"column":4},"end":{"line":50,"column":null}},"type":"if","locations":[{"start":{"line":42,"column":4},"end":{"line":50,"column":null}},{"start":{"line":48,"column":11},"end":{"line":50,"column":null}}],"line":42},"2":{"loc":{"start":{"line":46,"column":11},"end":{"line":46,"column":43}},"type":"binary-expr","locations":[{"start":{"line":46,"column":11},"end":{"line":46,"column":23}},{"start":{"line":46,"column":23},"end":{"line":46,"column":43}}],"line":46},"3":{"loc":{"start":{"line":47,"column":6},"end":{"line":47,"column":null}},"type":"if","locations":[{"start":{"line":47,"column":6},"end":{"line":47,"column":null}},{"start":{},"end":{}}],"line":47},"4":{"loc":{"start":{"line":48,"column":11},"end":{"line":50,"column":null}},"type":"if","locations":[{"start":{"line":48,"column":11},"end":{"line":50,"column":null}},{"start":{},"end":{}}],"line":48},"5":{"loc":{"start":{"line":73,"column":4},"end":{"line":76,"column":null}},"type":"if","locations":[{"start":{"line":73,"column":4},"end":{"line":76,"column":null}},{"start":{},"end":{}}],"line":73},"6":{"loc":{"start":{"line":74,"column":12},"end":{"line":74,"column":96}},"type":"binary-expr","locations":[{"start":{"line":74,"column":12},"end":{"line":74,"column":32}},{"start":{"line":74,"column":32},"end":{"line":74,"column":96}}],"line":74},"7":{"loc":{"start":{"line":81,"column":4},"end":{"line":84,"column":null}},"type":"if","locations":[{"start":{"line":81,"column":4},"end":{"line":84,"column":null}},{"start":{},"end":{}}],"line":81},"8":{"loc":{"start":{"line":92,"column":4},"end":{"line":92,"column":null}},"type":"if","locations":[{"start":{"line":92,"column":4},"end":{"line":92,"column":null}},{"start":{},"end":{}}],"line":92},"9":{"loc":{"start":{"line":96,"column":4},"end":{"line":96,"column":null}},"type":"if","locations":[{"start":{"line":96,"column":4},"end":{"line":96,"column":null}},{"start":{},"end":{}}],"line":96},"10":{"loc":{"start":{"line":109,"column":4},"end":{"line":109,"column":null}},"type":"if","locations":[{"start":{"line":109,"column":4},"end":{"line":109,"column":null}},{"start":{},"end":{}}],"line":109},"11":{"loc":{"start":{"line":116,"column":12},"end":{"line":116,"column":109}},"type":"cond-expr","locations":[{"start":{"line":116,"column":35},"end":{"line":116,"column":81}},{"start":{"line":116,"column":81},"end":{"line":116,"column":109}}],"line":116},"12":{"loc":{"start":{"line":132,"column":11},"end":{"line":162,"column":null}},"type":"binary-expr","locations":[{"start":{"line":132,"column":11},"end":{"line":132,"column":null}},{"start":{"line":133,"column":12},"end":{"line":162,"column":null}}],"line":132},"13":{"loc":{"start":{"line":165,"column":11},"end":{"line":172,"column":null}},"type":"binary-expr","locations":[{"start":{"line":165,"column":11},"end":{"line":165,"column":null}},{"start":{"line":166,"column":12},"end":{"line":172,"column":null}}],"line":165},"14":{"loc":{"start":{"line":175,"column":11},"end":{"line":181,"column":null}},"type":"binary-expr","locations":[{"start":{"line":175,"column":11},"end":{"line":175,"column":null}},{"start":{"line":176,"column":12},"end":{"line":181,"column":null}}],"line":175},"15":{"loc":{"start":{"line":186,"column":7},"end":{"line":186,"column":null}},"type":"binary-expr","locations":[{"start":{"line":186,"column":7},"end":{"line":186,"column":15}},{"start":{"line":186,"column":15},"end":{"line":186,"column":null}}],"line":186}},"s":{"0":26,"1":26,"2":0,"3":26,"4":26,"5":26,"6":26,"7":26,"8":26,"9":26,"10":26,"11":26,"12":16,"13":5,"14":5,"15":5,"16":11,"17":5,"18":26,"19":6,"20":6,"21":26,"22":5,"23":5,"24":5,"25":5,"26":5,"27":26,"28":0,"29":0,"30":0,"31":0,"32":0,"33":0,"34":0,"35":0,"36":0,"37":0,"38":0,"39":0,"40":26,"41":0,"42":0,"43":0,"44":26,"45":0,"46":0,"47":26,"48":1,"49":1,"50":1,"51":1,"52":1,"53":1,"54":26,"55":1,"56":0,"57":1,"58":1,"59":1,"60":0,"61":26,"62":0,"63":0,"64":0,"65":1,"66":1,"67":1},"f":{"0":26,"1":0,"2":16,"3":6,"4":5,"5":0,"6":0,"7":0,"8":1,"9":1,"10":0,"11":0,"12":0,"13":1},"b":{"0":[0,0],"1":[5,11],"2":[5,2],"3":[5,0],"4":[5,6],"5":[0,0],"6":[0,0],"7":[0,0],"8":[0,0],"9":[0,0],"10":[0,1],"11":[0,0],"12":[26,1],"13":[26,10],"14":[26,10],"15":[26,1]},"meta":{"lastBranch":16,"lastFunction":14,"lastStatement":68,"seen":{"f:18:24:18:30":0,"s:19:41:19:51":0,"s:23:13:29:Infinity":1,"f:23:13:23:28":1,"s:24:4:28:Infinity":2,"b:26:10:26:Infinity:27:10:27:Infinity":0,"s:30:15:30:Infinity":3,"s:32:36:32:Infinity":4,"s:33:34:33:Infinity":5,"s:34:28:34:Infinity":6,"s:35:30:35:Infinity":7,"s:36:34:36:Infinity":8,"s:37:32:37:Infinity":9,"s:39:20:39:Infinity":10,"s:41:2:51:Infinity":11,"f:41:2:41:18":2,"b:42:4:50:Infinity:48:11:50:Infinity":1,"s:42:4:50:Infinity":12,"s:46:6:46:Infinity":13,"b:46:11:46:23:46:23:46:43":2,"b:47:6:47:Infinity:undefined:undefined:undefined:undefined":3,"s:47:6:47:Infinity":14,"s:47:17:47:Infinity":15,"b:48:11:50:Infinity:undefined:undefined:undefined:undefined":4,"s:48:11:50:Infinity":16,"s:49:6:49:Infinity":17,"s:55:8:58:Infinity":18,"f:55:8:55:31":3,"s:56:4:56:Infinity":19,"s:57:4:57:Infinity":20,"s:60:8:66:Infinity":21,"f:60:8:60:26":4,"s:61:4:61:Infinity":22,"s:62:4:62:Infinity":23,"s:63:4:63:Infinity":24,"s:64:4:64:Infinity":25,"s:65:4:65:Infinity":26,"s:68:8:88:Infinity":27,"f:68:8:68:29":5,"s:71:14:71:Infinity":28,"s:72:17:72:Infinity":29,"b:73:4:76:Infinity:undefined:undefined:undefined:undefined":5,"s:73:4:76:Infinity":30,"s:74:6:74:Infinity":31,"b:74:12:74:32:74:32:74:96":6,"s:75:6:75:Infinity":32,"s:80:19:80:Infinity":33,"b:81:4:84:Infinity:undefined:undefined:undefined:undefined":7,"s:81:4:84:Infinity":34,"s:82:6:82:Infinity":35,"s:83:6:83:Infinity":36,"s:85:4:85:Infinity":37,"s:86:4:86:Infinity":38,"s:87:4:87:Infinity":39,"s:90:8:93:Infinity":40,"f:90:8:90:33":6,"s:91:4:91:Infinity":41,"b:92:4:92:Infinity:undefined:undefined:undefined:undefined":8,"s:92:4:92:Infinity":42,"s:92:15:92:Infinity":43,"s:95:8:97:Infinity":44,"f:95:8:95:29":7,"b:96:4:96:Infinity:undefined:undefined:undefined:undefined":9,"s:96:4:96:Infinity":45,"s:96:14:96:Infinity":46,"s:99:8:106:Infinity":47,"f:99:8:99:25":8,"s:100:4:100:Infinity":48,"s:101:4:101:Infinity":49,"s:102:4:102:Infinity":50,"s:103:4:103:Infinity":51,"s:104:4:104:Infinity":52,"s:105:4:105:Infinity":53,"s:108:27:118:Infinity":54,"f:108:27:108:34":9,"b:109:4:109:Infinity:undefined:undefined:undefined:undefined":10,"s:109:4:109:Infinity":55,"s:109:15:109:Infinity":56,"s:110:4:117:Infinity":57,"s:113:19:113:Infinity":58,"s:114:6:114:Infinity":59,"s:116:6:116:Infinity":60,"b:116:35:116:81:116:81:116:109":11,"s:120:2:201:Infinity":61,"b:132:11:132:Infinity:133:12:162:Infinity":12,"f:153:52:153:67":10,"s:153:67:153:87":62,"f:161:64:161:80":11,"s:161:80:161:109":63,"b:165:11:165:Infinity:166:12:172:Infinity":13,"f:171:14:171:30":12,"s:171:30:171:Infinity":64,"b:175:11:175:Infinity:176:12:181:Infinity":14,"b:186:7:186:15:186:15:186:Infinity":15,"f:193:8:193:19":13,"s:194:23:194:Infinity":65,"s:195:10:195:Infinity":66,"s:196:10:196:Infinity":67},"fnNames":{}}}
,"/home/user/ringweave/app/src/model.ts": {"path":"/home/user/ringweave/app/src/model.ts","statementMap":{"0":{"start":{"line":13,"column":28},"end":{"line":13,"column":null}},"1":{"start":{"line":15,"column":42},"end":{"line":19,"column":null}},"2":{"start":{"line":23,"column":25},"end":{"line":23,"column":null}},"3":{"start":{"line":24,"column":25},"end":{"line":24,"column":null}},"4":{"start":{"line":28,"column":30},"end":{"line":28,"column":null}},"5":{"start":{"line":29,"column":30},"end":{"line":29,"column":null}},"6":{"start":{"line":38,"column":34},"end":{"line":38,"column":null}},"7":{"start":{"line":45,"column":28},"end":{"line":45,"column":null}},"8":{"start":{"line":55,"column":28},"end":{"line":55,"column":null}},"9":{"start":{"line":59,"column":24},"end":{"line":59,"column":null}},"10":{"start":{"line":65,"column":2},"end":{"line":65,"column":null}},"11":{"start":{"line":91,"column":2},"end":{"line":91,"column":null}},"12":{"start":{"line":103,"column":2},"end":{"line":103,"column":null}},"13":{"start":{"line":108,"column":2},"end":{"line":108,"column":null}},"14":{"start":{"line":113,"column":2},"end":{"line":113,"column":null}},"15":{"start":{"line":113,"column":28},"end":{"line":113,"column":null}},"16":{"start":{"line":114,"column":11},"end":{"line":114,"column":null}},"17":{"start":{"line":115,"column":11},"end":{"line":115,"column":null}},"18":{"start":{"line":116,"column":2},"end":{"line":119,"column":null}},"19":{"start":{"line":117,"column":4},"end":{"line":117,"column":null}},"20":{"start":{"line":117,"column":16},"end":{"line":117,"column":null}},"21":{"start":{"line":118,"column":4},"end":{"line":118,"column":null}},"22":{"start":{"line":118,"column":16},"end":{"line":118,"column":null}},"23":{"start":{"line":120,"column":2},"end":{"line":120,"column":null}},"24":{"start":{"line":128,"column":2},"end":{"line":128,"column":null}},"25":{"start":{"line":136,"column":2},"end":{"line":136,"column":null}},"26":{"start":{"line":140,"column":24},"end":{"line":140,"column":null}},"27":{"start":{"line":150,"column":2},"end":{"line":153,"column":null}},"28":{"start":{"line":151,"column":16},"end":{"line":151,"column":null}},"29":{"start":{"line":152,"column":4},"end":{"line":152,"column":null}},"30":{"start":{"line":154,"column":2},"end":{"line":154,"column":null}},"31":{"start":{"line":154,"column":22},"end":{"line":154,"column":null}},"32":{"start":{"line":155,"column":2},"end":{"line":155,"column":null}},"33":{"start":{"line":155,"column":43},"end":{"line":155,"column":null}},"34":{"start":{"line":156,"column":2},"end":{"line":156,"column":null}},"35":{"start":{"line":179,"column":21},"end":{"line":179,"column":null}},"36":{"start":{"line":180,"column":2},"end":{"line":190,"column":null}},"37":{"start":{"line":196,"column":2},"end":{"line":196,"column":null}},"38":{"start":{"line":210,"column":2},"end":{"line":212,"column":null}},"39":{"start":{"line":211,"column":4},"end":{"line":211,"column":null}},"40":{"start":{"line":213,"column":2},"end":{"line":215,"column":null}},"41":{"start":{"line":214,"column":4},"end":{"line":214,"column":null}},"42":{"start":{"line":216,"column":2},"end":{"line":216,"column":null}},"43":{"start":{"line":222,"column":2},"end":{"line":222,"column":null}},"44":{"start":{"line":222,"column":36},"end":{"line":222,"column":49}},"45":{"start":{"line":229,"column":2},"end":{"line":229,"column":null}},"46":{"start":{"line":247,"column":2},"end":{"line":261,"column":null}}},"fnMap":{"0":{"name":"nextRerollSeed","decl":{"start":{"line":64,"column":16},"end":{"line":64,"column":31}},"loc":{"start":{"line":64,"column":53},"end":{"line":66,"column":null}},"line":64},"1":{"name":"clampQuality","decl":{"start":{"line":90,"column":9},"end":{"line":90,"column":22}},"loc":{"start":{"line":90,"column":43},"end":{"line":92,"column":null}},"line":90},"2":{"name":"quality","decl":{"start":{"line":102,"column":16},"end":{"line":102,"column":24}},"loc":{"start":{"line":102,"column":68},"end":{"line":104,"column":null}},"line":102},"3":{"name":"finiteOrNull","decl":{"start":{"line":107,"column":9},"end":{"line":107,"column":22}},"loc":{"start":{"line":107,"column":48},"end":{"line":109,"column":null}},"line":107},"4":{"name":"degreeExtent","decl":{"start":{"line":112,"column":16},"end":{"line":112,"column":29}},"loc":{"start":{"line":112,"column":66},"end":{"line":121,"column":null}},"line":112},"5":{"name":"qualityPercent","decl":{"start":{"line":127,"column":16},"end":{"line":127,"column":31}},"loc":{"start":{"line":127,"column":51},"end":{"line":129,"column":null}},"line":127},"6":{"name":"isOptimal","decl":{"start":{"line":135,"column":16},"end":{"line":135,"column":26}},"loc":{"start":{"line":135,"column":47},"end":{"line":137,"column":null}},"line":135},"7":{"name":"connectionSummary","decl":{"start":{"line":149,"column":16},"end":{"line":149,"column":34}},"loc":{"start":{"line":149,"column":54},"end":{"line":157,"column":null}},"line":149},"8":{"name":"assembleMetrics","decl":{"start":{"line":178,"column":16},"end":{"line":178,"column":32}},"loc":{"start":{"line":178,"column":69},"end":{"line":191,"column":null}},"line":178},"9":{"name":"degreeLabel","decl":{"start":{"line":195,"column":16},"end":{"line":195,"column":28}},"loc":{"start":{"line":195,"column":48},"end":{"line":197,"column":null}},"line":195},"10":{"name":"rerollBlockReason","decl":{"start":{"line":209,"column":16},"end":{"line":209,"column":34}},"loc":{"start":{"line":209,"column":80},"end":{"line":217,"column":null}},"line":209},"11":{"name":"buddyNames","decl":{"start":{"line":221,"column":9},"end":{"line":221,"column":20}},"loc":{"start":{"line":221,"column":58},"end":{"line":223,"column":null}},"line":221},"12":{"name":"(anonymous_12)","decl":{"start":{"line":222,"column":25},"end":{"line":222,"column":30}},"loc":{"start":{"line":222,"column":36},"end":{"line":222,"column":49}},"line":222},"13":{"name":"buddyLabel","decl":{"start":{"line":228,"column":16},"end":{"line":228,"column":27}},"loc":{"start":{"line":228,"column":81},"end":{"line":230,"column":null}},"line":228},"14":{"name":"viewFromResult","decl":{"start":{"line":246,"column":16},"end":{"line":246,"column":31}},"loc":{"start":{"line":246,"column":95},"end":{"line":262,"column":null}},"line":246}},"branchMap":{"0":{"loc":{"start":{"line":65,"column":9},"end":{"line":65,"column":null}},"type":"cond-expr","locations":[{"start":{"line":65,"column":28},"end":{"line":65,"column":32}},{"start":{"line":65,"column":32},"end":{"line":65,"column":null}}],"line":65},"1":{"loc":{"start":{"line":103,"column":9},"end":{"line":103,"column":null}},"type":"cond-expr","locations":[{"start":{"line":103,"column":33},"end":{"line":103,"column":69}},{"start":{"line":103,"column":69},"end":{"line":103,"column":null}}],"line":103},"2":{"loc":{"start":{"line":108,"column":9},"end":{"line":108,"column":null}},"type":"cond-expr","locations":[{"start":{"line":108,"column":30},"end":{"line":108,"column":34}},{"start":{"line":108,"column":34},"end":{"line":108,"column":null}}],"line":108},"3":{"loc":{"start":{"line":113,"column":2},"end":{"line":113,"column":null}},"type":"if","locations":[{"start":{"line":113,"column":2},"end":{"line":113,"column":null}},{"start":{},"end":{}}],"line":113},"4":{"loc":{"start":{"line":117,"column":4},"end":{"line":117,"column":null}},"type":"if","locations":[{"start":{"line":117,"column":4},"end":{"line":117,"column":null}},{"start":{},"end":{}}],"line":117},"5":{"loc":{"start":{"line":118,"column":4},"end":{"line":118,"column":null}},"type":"if","locations":[{"start":{"line":118,"column":4},"end":{"line":118,"column":null}},{"start":{},"end":{}}],"line":118},"6":{"loc":{"start":{"line":150,"column":2},"end":{"line":153,"column":null}},"type":"if","locations":[{"start":{"line":150,"column":2},"end":{"line":153,"column":null}},{"start":{},"end":{}}],"line":150},"7":{"loc":{"start":{"line":154,"column":2},"end":{"line":154,"column":null}},"type":"if","locations":[{"start":{"line":154,"column":2},"end":{"line":154,"column":null}},{"start":{},"end":{}}],"line":154},"8":{"loc":{"start":{"line":155,"column":2},"end":{"line":155,"column":null}},"type":"if","locations":[{"start":{"line":155,"column":2},"end":{"line":155,"column":null}},{"start":{},"end":{}}],"line":155},"9":{"loc":{"start":{"line":179,"column":21},"end":{"line":179,"column":null}},"type":"binary-expr","locations":[{"start":{"line":179,"column":21},"end":{"line":179,"column":38}},{"start":{"line":179,"column":38},"end":{"line":179,"column":null}}],"line":179},"10":{"loc":{"start":{"line":181,"column":10},"end":{"line":181,"column":null}},"type":"cond-expr","locations":[{"start":{"line":181,"column":23},"end":{"line":181,"column":34}},{"start":{"line":181,"column":34},"end":{"line":181,"column":null}}],"line":181},"11":{"loc":{"start":{"line":182,"column":14},"end":{"line":182,"column":null}},"type":"cond-expr","locations":[{"start":{"line":182,"column":27},"end":{"line":182,"column":42}},{"start":{"line":182,"column":42},"end":{"line":182,"column":null}}],"line":182},"12":{"loc":{"start":{"line":184,"column":13},"end":{"line":184,"column":null}},"type":"cond-expr","locations":[{"start":{"line":184,"column":26},"end":{"line":184,"column":64}},{"start":{"line":184,"column":64},"end":{"line":184,"column":null}}],"line":184},"13":{"loc":{"start":{"line":196,"column":9},"end":{"line":196,"column":null}},"type":"cond-expr","locations":[{"start":{"line":196,"column":21},"end":{"line":196,"column":43}},{"start":{"line":196,"column":43},"end":{"line":196,"column":null}}],"line":196},"14":{"loc":{"start":{"line":210,"column":2},"end":{"line":212,"column":null}},"type":"if","locations":[{"start":{"line":210,"column":2},"end":{"line":212,"column":null}},{"start":{},"end":{}}],"line":210},"15":{"loc":{"start":{"line":213,"column":2},"end":{"line":215,"column":null}},"type":"if","locations":[{"start":{"line":213,"column":2},"end":{"line":215,"column":null}},{"start":{},"end":{}}],"line":213},"16":{"loc":{"start":{"line":228,"column":55},"end":{"line":228,"column":81}},"type":"default-arg","locations":[{"start":{"line":228,"column":67},"end":{"line":228,"column":81}}],"line":228},"17":{"loc":{"start":{"line":229,"column":9},"end":{"line":229,"column":null}},"type":"binary-expr","locations":[{"start":{"line":229,"column":9},"end":{"line":229,"column":48}},{"start":{"line":229,"column":48},"end":{"line":229,"column":null}}],"line":229}},"s":{"0":16,"1":16,"2":16,"3":16,"4":16,"5":16,"6":16,"7":16,"8":16,"9":16,"10":10,"11":44,"12":44,"13":58,"14":38,"15":0,"16":38,"17":38,"18":38,"19":1627,"20":10,"21":1627,"22":0,"23":38,"24":31,"25":5,"26":16,"27":18,"28":2,"29":2,"30":16,"31":1,"32":15,"33":4,"34":11,"35":58,"36":58,"37":2,"38":6,"39":3,"40":3,"41":1,"42":2,"43":54,"44":92,"45":54,"46":20},"f":{"0":10,"1":44,"2":44,"3":58,"4":38,"5":31,"6":5,"7":18,"8":58,"9":2,"10":6,"11":54,"12":92,"13":54,"14":20},"b":{"0":[4,6],"1":[44,0],"2":[52,6],"3":[0,38],"4":[10,1617],"5":[0,1627],"6":[2,16],"7":[1,15],"8":[4,11],"9":[58,42],"10":[42,16],"11":[42,16],"12":[42,16],"13":[2,0],"14":[3,3],"15":[1,2],"16":[54],"17":[54,8]},"meta":{"lastBranch":18,"lastFunction":15,"lastStatement":47,"seen":{"s:13:28:13:Infinity":0,"s:15:42:19:Infinity":1,"s:23:25:23:Infinity":2,"s:24:25:24:Infinity":3,"s:28:30:28:Infinity":4,"s:29:30:29:Infinity":5,"s:38:34:38:Infinity":6,"s:45:28:45:Infinity":7,"s:55:28:55:Infinity":8,"s:59:24:59:Infinity":9,"f:64:16:64:31":0,"s:65:2:65:Infinity":10,"b:65:28:65:32:65:32:65:Infinity":0,"f:90:9:90:22":1,"s:91:2:91:Infinity":11,"f:102:16:102:24":2,"s:103:2:103:Infinity":12,"b:103:33:103:69:103:69:103:Infinity":1,"f:107:9:107:22":3,"s:108:2:108:Infinity":13,"b:108:30:108:34:108:34:108:Infinity":2,"f:112:16:112:29":4,"b:113:2:113:Infinity:undefined:undefined:undefined:undefined":3,"s:113:2:113:Infinity":14,"s:113:28:113:Infinity":15,"s:114:11:114:Infinity":16,"s:115:11:115:Infinity":17,"s:116:2:119:Infinity":18,"b:117:4:117:Infinity:undefined:undefined:undefined:undefined":4,"s:117:4:117:Infinity":19,"s:117:16:117:Infinity":20,"b:118:4:118:Infinity:undefined:undefined:undefined:undefined":5,"s:118:4:118:Infinity":21,"s:118:16:118:Infinity":22,"s:120:2:120:Infinity":23,"f:127:16:127:31":5,"s:128:2:128:Infinity":24,"f:135:16:135:26":6,"s:136:2:136:Infinity":25,"s:140:24:140:Infinity":26,"f:149:16:149:34":7,"b:150:2:153:Infinity:undefined:undefined:undefined:undefined":6,"s:150:2:153:Infinity":27,"s:151:16:151:Infinity":28,"s:152:4:152:Infinity":29,"b:154:2:154:Infinity:undefined:undefined:undefined:undefined":7,"s:154:2:154:Infinity":30,"s:154:22:154:Infinity":31,"b:155:2:155:Infinity:undefined:undefined:undefined:undefined":8,"s:155:2:155:Infinity":32,"s:155:43:155:Infinity":33,"s:156:2:156:Infinity":34,"f:178:16:178:32":8,"s:179:21:179:Infinity":35,"b:179:21:179:38:179:38:179:Infinity":9,"s:180:2:190:Infinity":36,"b:181:23:181:34:181:34:181:Infinity":10,"b:182:27:182:42:182:42:182:Infinity":11,"b:184:26:184:64:184:64:184:Infinity":12,"f:195:16:195:28":9,"s:196:2:196:Infinity":37,"b:196:21:196:43:196:43:196:Infinity":13,"f:209:16:209:34":10,"b:210:2:212:Infinity:undefined:undefined:undefined:undefined":14,"s:210:2:212:Infinity":38,"s:211:4:211:Infinity":39,"b:213:2:215:Infinity:undefined:undefined:undefined:undefined":15,"s:213:2:215:Infinity":40,"s:214:4:214:Infinity":41,"s:216:2:216:Infinity":42,"f:221:9:221:20":11,"s:222:2:222:Infinity":43,"f:222:25:222:30":12,"s:222:36:222:49":44,"f:228:16:228:27":13,"b:228:67:228:81":16,"s:229:2:229:Infinity":45,"b:229:9:229:48:229:48:229:Infinity":17,"f:246:16:246:31":14,"s:247:2:261:Infinity":46},"fnNames":{}}}
,"/home/user/ringweave/app/src/sample.ts": {"path":"/home/user/ringweave/app/src/sample.ts","statementMap":{"0":{"start":{"line":2,"column":38},"end":{"line":6,"column":null}}},"fnMap":{},"branchMap":{},"s":{"0":2},"f":{},"b":{},"meta":{"lastBranch":0,"lastFunction":0,"lastStatement":1,"seen":{"s:2:38:6:Infinity":0},"fnNames":{}}}
,"/home/user/ringweave/app/src/graph/GraphCanvas.tsx": {"path":"/home/user/ringweave/app/src/graph/GraphCanvas.tsx","statementMap":{"0":{"start":{"line":10,"column":28},"end":{"line":10,"column":null}},"1":{"start":{"line":19,"column":25},"end":{"line":19,"column":null}},"2":{"start":{"line":22,"column":2},"end":{"line":22,"column":null}},"3":{"start":{"line":34,"column":2},"end":{"line":41,"column":null}},"4":{"start":{"line":36,"column":6},"end":{"line":36,"column":null}},"5":{"start":{"line":38,"column":6},"end":{"line":38,"column":null}},"6":{"start":{"line":40,"column":6},"end":{"line":40,"column":null}},"7":{"start":{"line":56,"column":13},"end":{"line":56,"column":null}},"8":{"start":{"line":57,"column":13},"end":{"line":57,"column":null}},"9":{"start":{"line":58,"column":12},"end":{"line":58,"column":null}},"10":{"start":{"line":69,"column":2},"end":{"line":69,"column":null}},"11":{"start":{"line":69,"column":24},"end":{"line":69,"column":null}},"12":{"start":{"line":70,"column":13},"end":{"line":70,"column":23}},"13":{"start":{"line":70,"column":30},"end":{"line":70,"column":41}},"14":{"start":{"line":70,"column":48},"end":{"line":70,"column":58}},"15":{"start":{"line":70,"column":65},"end":{"line":70,"column":null}},"16":{"start":{"line":71,"column":2},"end":{"line":76,"column":null}},"17":{"start":{"line":72,"column":4},"end":{"line":72,"column":null}},"18":{"start":{"line":72,"column":20},"end":{"line":72,"column":null}},"19":{"start":{"line":73,"column":4},"end":{"line":73,"column":null}},"20":{"start":{"line":73,"column":20},"end":{"line":73,"column":null}},"21":{"start":{"line":74,"column":4},"end":{"line":74,"column":null}},"22":{"start":{"line":74,"column":20},"end":{"line":74,"column":null}},"23":{"start":{"line":75,"column":4},"end":{"line":75,"column":null}},"24":{"start":{"line":75,"column":20},"end":{"line":75,"column":null}},"25":{"start":{"line":77,"column":16},"end":{"line":77,"column":null}},"26":{"start":{"line":78,"column":16},"end":{"line":78,"column":null}},"27":{"start":{"line":79,"column":12},"end":{"line":79,"column":null}},"28":{"start":{"line":80,"column":13},"end":{"line":80,"column":null}},"29":{"start":{"line":81,"column":13},"end":{"line":81,"column":null}},"30":{"start":{"line":82,"column":2},"end":{"line":82,"column":null}},"31":{"start":{"line":86,"column":2},"end":{"line":86,"column":null}},"32":{"start":{"line":92,"column":12},"end":{"line":92,"column":null}},"33":{"start":{"line":93,"column":18},"end":{"line":93,"column":null}},"34":{"start":{"line":93,"column":32},"end":{"line":93,"column":47}},"35":{"start":{"line":98,"column":19},"end":{"line":98,"column":null}},"36":{"start":{"line":98,"column":34},"end":{"line":98,"column":86}},"37":{"start":{"line":107,"column":22},"end":{"line":107,"column":null}},"38":{"start":{"line":108,"column":2},"end":{"line":110,"column":null}},"39":{"start":{"line":109,"column":4},"end":{"line":109,"column":null}},"40":{"start":{"line":111,"column":22},"end":{"line":111,"column":null}},"41":{"start":{"line":114,"column":14},"end":{"line":117,"column":null}},"42":{"start":{"line":115,"column":10},"end":{"line":115,"column":null}},"43":{"start":{"line":115,"column":46},"end":{"line":115,"column":83}},"44":{"start":{"line":119,"column":17},"end":{"line":119,"column":null}},"45":{"start":{"line":120,"column":32},"end":{"line":120,"column":null}},"46":{"start":{"line":121,"column":21},"end":{"line":121,"column":null}},"47":{"start":{"line":122,"column":2},"end":{"line":122,"column":null}},"48":{"start":{"line":124,"column":17},"end":{"line":124,"column":null}},"49":{"start":{"line":130,"column":18},"end":{"line":130,"column":null}},"50":{"start":{"line":131,"column":19},"end":{"line":131,"column":null}},"51":{"start":{"line":132,"column":21},"end":{"line":132,"column":null}},"52":{"start":{"line":136,"column":2},"end":{"line":161,"column":null}},"53":{"start":{"line":137,"column":4},"end":{"line":137,"column":null}},"54":{"start":{"line":138,"column":15},"end":{"line":138,"column":null}},"55":{"start":{"line":139,"column":24},"end":{"line":139,"column":null}},"56":{"start":{"line":140,"column":26},"end":{"line":140,"column":null}},"57":{"start":{"line":141,"column":4},"end":{"line":141,"column":null}},"58":{"start":{"line":142,"column":4},"end":{"line":142,"column":null}},"59":{"start":{"line":143,"column":17},"end":{"line":143,"column":null}},"60":{"start":{"line":144,"column":4},"end":{"line":147,"column":null}},"61":{"start":{"line":145,"column":6},"end":{"line":145,"column":null}},"62":{"start":{"line":146,"column":6},"end":{"line":146,"column":null}},"63":{"start":{"line":148,"column":15},"end":{"line":148,"column":null}},"64":{"start":{"line":149,"column":16},"end":{"line":149,"column":null}},"65":{"start":{"line":150,"column":10},"end":{"line":158,"column":null}},"66":{"start":{"line":151,"column":16},"end":{"line":151,"column":null}},"67":{"start":{"line":152,"column":16},"end":{"line":152,"column":null}},"68":{"start":{"line":153,"column":6},"end":{"line":156,"column":null}},"69":{"start":{"line":153,"column":36},"end":{"line":156,"column":8}},"70":{"start":{"line":157,"column":6},"end":{"line":157,"column":null}},"71":{"start":{"line":157,"column":17},"end":{"line":157,"column":null}},"72":{"start":{"line":159,"column":4},"end":{"line":159,"column":null}},"73":{"start":{"line":160,"column":4},"end":{"line":160,"column":null}},"74":{"start":{"line":160,"column":17},"end":{"line":160,"column":null}},"75":{"start":{"line":164,"column":17},"end":{"line":164,"column":null}},"76":{"start":{"line":165,"column":22},"end":{"line":165,"column":null}},"77":{"start":{"line":166,"column":2},"end":{"line":175,"column":null}},"78":{"start":{"line":167,"column":15},"end":{"line":167,"column":null}},"79":{"start":{"line":168,"column":4},"end":{"line":168,"column":null}},"80":{"start":{"line":168,"column":13},"end":{"line":168,"column":null}},"81":{"start":{"line":169,"column":16},"end":{"line":169,"column":null}},"82":{"start":{"line":170,"column":21},"end":{"line":172,"column":null}},"83":{"start":{"line":172,"column":26},"end":{"line":172,"column":45}},"84":{"start":{"line":173,"column":4},"end":{"line":173,"column":null}},"85":{"start":{"line":174,"column":4},"end":{"line":174,"column":null}},"86":{"start":{"line":174,"column":19},"end":{"line":174,"column":42}},"87":{"start":{"line":177,"column":16},"end":{"line":177,"column":null}},"88":{"start":{"line":178,"column":28},"end":{"line":188,"column":null}},"89":{"start":{"line":179,"column":14},"end":{"line":179,"column":null}},"90":{"start":{"line":180,"column":14},"end":{"line":180,"column":null}},"91":{"start":{"line":181,"column":4},"end":{"line":186,"column":null}},"92":{"start":{"line":182,"column":6},"end":{"line":182,"column":null}},"93":{"start":{"line":182,"column":46},"end":{"line":182,"column":null}},"94":{"start":{"line":183,"column":6},"end":{"line":185,"column":null}},"95":{"start":{"line":184,"column":8},"end":{"line":184,"column":null}},"96":{"start":{"line":184,"column":44},"end":{"line":184,"column":null}},"97":{"start":{"line":184,"column":74},"end":{"line":184,"column":null}},"98":{"start":{"line":187,"column":4},"end":{"line":187,"column":null}},"99":{"start":{"line":190,"column":8},"end":{"line":190,"column":null}},"100":{"start":{"line":190,"column":25},"end":{"line":190,"column":null}},"101":{"start":{"line":192,"column":8},"end":{"line":198,"column":null}},"102":{"start":{"line":193,"column":4},"end":{"line":193,"column":null}},"103":{"start":{"line":193,"column":23},"end":{"line":193,"column":null}},"104":{"start":{"line":194,"column":4},"end":{"line":194,"column":null}},"105":{"start":{"line":194,"column":21},"end":{"line":194,"column":null}},"106":{"start":{"line":195,"column":4},"end":{"line":195,"column":null}},"107":{"start":{"line":195,"column":22},"end":{"line":195,"column":null}},"108":{"start":{"line":196,"column":4},"end":{"line":196,"column":null}},"109":{"start":{"line":196,"column":23},"end":{"line":196,"column":null}},"110":{"start":{"line":197,"column":4},"end":{"line":197,"column":null}},"111":{"start":{"line":200,"column":8},"end":{"line":205,"column":null}},"112":{"start":{"line":201,"column":4},"end":{"line":201,"column":null}},"113":{"start":{"line":201,"column":23},"end":{"line":201,"column":null}},"114":{"start":{"line":202,"column":4},"end":{"line":202,"column":null}},"115":{"start":{"line":202,"column":36},"end":{"line":202,"column":null}},"116":{"start":{"line":203,"column":4},"end":{"line":203,"column":null}},"117":{"start":{"line":203,"column":40},"end":{"line":203,"column":null}},"118":{"start":{"line":204,"column":4},"end":{"line":204,"column":null}},"119":{"start":{"line":207,"column":2},"end":{"line":256,"column":null}},"120":{"start":{"line":221,"column":24},"end":{"line":221,"column":73}},"121":{"start":{"line":221,"column":57},"end":{"line":221,"column":73}},"122":{"start":{"line":226,"column":22},"end":{"line":226,"column":null}},"123":{"start":{"line":227,"column":22},"end":{"line":227,"column":null}},"124":{"start":{"line":228,"column":12},"end":{"line":233,"column":null}},"125":{"start":{"line":238,"column":22},"end":{"line":238,"column":null}},"126":{"start":{"line":239,"column":26},"end":{"line":239,"column":null}},"127":{"start":{"line":240,"column":12},"end":{"line":252,"column":null}},"128":{"start":{"line":245,"column":36},"end":{"line":245,"column":null}},"129":{"start":{"line":246,"column":36},"end":{"line":246,"column":null}},"130":{"start":{"line":247,"column":34},"end":{"line":247,"column":55}},"131":{"start":{"line":247,"column":55},"end":{"line":247,"column":68}}},"fnMap":{"0":{"name":"assertNever","decl":{"start":{"line":21,"column":9},"end":{"line":21,"column":21}},"loc":{"start":{"line":21,"column":38},"end":{"line":23,"column":null}},"line":21},"1":{"name":"positionsFor","decl":{"start":{"line":33,"column":16},"end":{"line":33,"column":29}},"loc":{"start":{"line":33,"column":93},"end":{"line":42,"column":null}},"line":33},"2":{"name":"computeFit","decl":{"start":{"line":68,"column":16},"end":{"line":68,"column":27}},"loc":{"start":{"line":68,"column":43},"end":{"line":83,"column":null}},"line":68},"3":{"name":"reducedMotion","decl":{"start":{"line":85,"column":9},"end":{"line":85,"column":34}},"loc":{"start":{"line":85,"column":34},"end":{"line":87,"column":null}},"line":85},"4":{"name":"GraphCanvas","decl":{"start":{"line":89,"column":24},"end":{"line":89,"column":36}},"loc":{"start":{"line":91,"column":21},"end":{"line":258,"column":null}},"line":91},"5":{"name":"(anonymous_5)","decl":{"start":{"line":93,"column":18},"end":{"line":93,"column":32}},"loc":{"start":{"line":93,"column":32},"end":{"line":93,"column":47}},"line":93},"6":{"name":"(anonymous_6)","decl":{"start":{"line":98,"column":19},"end":{"line":98,"column":34}},"loc":{"start":{"line":98,"column":34},"end":{"line":98,"column":86}},"line":98},"7":{"name":"(anonymous_7)","decl":{"start":{"line":114,"column":14},"end":{"line":114,"column":null}},"loc":{"start":{"line":115,"column":10},"end":{"line":115,"column":null}},"line":115},"8":{"name":"(anonymous_8)","decl":{"start":{"line":115,"column":31},"end":{"line":115,"column":40}},"loc":{"start":{"line":115,"column":46},"end":{"line":115,"column":83}},"line":115},"9":{"name":"(anonymous_9)","decl":{"start":{"line":136,"column":2},"end":{"line":136,"column":18}},"loc":{"start":{"line":136,"column":18},"end":{"line":161,"column":5}},"line":136},"10":{"name":"(anonymous_10)","decl":{"start":{"line":150,"column":10},"end":{"line":150,"column":18}},"loc":{"start":{"line":150,"column":34},"end":{"line":158,"column":null}},"line":150},"11":{"name":"(anonymous_11)","decl":{"start":{"line":153,"column":20},"end":{"line":153,"column":25}},"loc":{"start":{"line":153,"column":36},"end":{"line":156,"column":8}},"line":153},"12":{"name":"(anonymous_12)","decl":{"start":{"line":160,"column":4},"end":{"line":160,"column":17}},"loc":{"start":{"line":160,"column":17},"end":{"line":160,"column":null}},"line":160},"13":{"name":"(anonymous_13)","decl":{"start":{"line":166,"column":2},"end":{"line":166,"column":18}},"loc":{"start":{"line":166,"column":18},"end":{"line":175,"column":5}},"line":166},"14":{"name":"(anonymous_14)","decl":{"start":{"line":172,"column":10},"end":{"line":172,"column":19}},"loc":{"start":{"line":172,"column":26},"end":{"line":172,"column":45}},"line":172},"15":{"name":"(anonymous_15)","decl":{"start":{"line":174,"column":4},"end":{"line":174,"column":17}},"loc":{"start":{"line":174,"column":17},"end":{"line":174,"column":null}},"line":174},"16":{"name":"(anonymous_16)","decl":{"start":{"line":178,"column":28},"end":{"line":178,"column":42}},"loc":{"start":{"line":178,"column":42},"end":{"line":188,"column":5}},"line":178},"17":{"name":"(anonymous_17)","decl":{"start":{"line":190,"column":8},"end":{"line":190,"column":14}},"loc":{"start":{"line":190,"column":25},"end":{"line":190,"column":null}},"line":190},"18":{"name":"(anonymous_18)","decl":{"start":{"line":192,"column":8},"end":{"line":192,"column":21}},"loc":{"start":{"line":192,"column":43},"end":{"line":198,"column":null}},"line":192},"19":{"name":"(anonymous_19)","decl":{"start":{"line":200,"column":8},"end":{"line":200,"column":21}},"loc":{"start":{"line":200,"column":54},"end":{"line":205,"column":null}},"line":200},"20":{"name":"(anonymous_20)","decl":{"start":{"line":221,"column":6},"end":{"line":221,"column":16}},"loc":{"start":{"line":221,"column":22},"end":{"line":221,"column":null}},"line":221},"21":{"name":"(anonymous_21)","decl":{"start":{"line":225,"column":16},"end":{"line":225,"column":21}},"loc":{"start":{"line":225,"column":37},"end":{"line":235,"column":11}},"line":225},"22":{"name":"(anonymous_22)","decl":{"start":{"line":237,"column":18},"end":{"line":237,"column":23}},"loc":{"start":{"line":237,"column":32},"end":{"line":254,"column":11}},"line":237},"23":{"name":"(anonymous_23)","decl":{"start":{"line":245,"column":16},"end":{"line":245,"column":36}},"loc":{"start":{"line":245,"column":36},"end":{"line":245,"column":null}},"line":245},"24":{"name":"(anonymous_24)","decl":{"start":{"line":246,"column":16},"end":{"line":246,"column":36}},"loc":{"start":{"line":246,"column":36},"end":{"line":246,"column":null}},"line":246},"25":{"name":"(anonymous_25)","decl":{"start":{"line":247,"column":16},"end":{"line":247,"column":26}},"loc":{"start":{"line":247,"column":32},"end":{"line":247,"column":null}},"line":247}},"branchMap":{"0":{"loc":{"start":{"line":34,"column":2},"end":{"line":41,"column":null}},"type":"switch","locations":[{"start":{"line":35,"column":4},"end":{"line":36,"column":null}},{"start":{"line":37,"column":4},"end":{"line":38,"column":null}},{"start":{"line":39,"column":4},"end":{"line":40,"column":null}}],"line":34},"1":{"loc":{"start":{"line":38,"column":13},"end":{"line":38,"column":null}},"type":"binary-expr","locations":[{"start":{"line":38,"column":13},"end":{"line":38,"column":25}},{"start":{"line":38,"column":25},"end":{"line":38,"column":null}}],"line":38},"2":{"loc":{"start":{"line":69,"column":2},"end":{"line":69,"column":null}},"type":"if","locations":[{"start":{"line":69,"column":2},"end":{"line":69,"column":null}},{"start":{},"end":{}}],"line":69},"3":{"loc":{"start":{"line":72,"column":4},"end":{"line":72,"column":null}},"type":"if","locations":[{"start":{"line":72,"column":4},"end":{"line":72,"column":null}},{"start":{},"end":{}}],"line":72},"4":{"loc":{"start":{"line":73,"column":4},"end":{"line":73,"column":null}},"type":"if","locations":[{"start":{"line":73,"column":4},"end":{"line":73,"column":null}},{"start":{},"end":{}}],"line":73},"5":{"loc":{"start":{"line":74,"column":4},"end":{"line":74,"column":null}},"type":"if","locations":[{"start":{"line":74,"column":4},"end":{"line":74,"column":null}},{"start":{},"end":{}}],"line":74},"6":{"loc":{"start":{"line":75,"column":4},"end":{"line":75,"column":null}},"type":"if","locations":[{"start":{"line":75,"column":4},"end":{"line":75,"column":null}},{"start":{},"end":{}}],"line":75},"7":{"loc":{"start":{"line":86,"column":9},"end":{"line":86,"column":null}},"type":"binary-expr","locations":[{"start":{"line":86,"column":9},"end":{"line":86,"column":45}},{"start":{"line":86,"column":45},"end":{"line":86,"column":null}}],"line":86},"8":{"loc":{"start":{"line":98,"column":34},"end":{"line":98,"column":86}},"type":"cond-expr","locations":[{"start":{"line":98,"column":55},"end":{"line":98,"column":79}},{"start":{"line":98,"column":79},"end":{"line":98,"column":86}}],"line":98},"9":{"loc":{"start":{"line":108,"column":2},"end":{"line":110,"column":null}},"type":"if","locations":[{"start":{"line":108,"column":2},"end":{"line":110,"column":null}},{"start":{},"end":{}}],"line":108},"10":{"loc":{"start":{"line":108,"column":6},"end":{"line":108,"column":56}},"type":"binary-expr","locations":[{"start":{"line":108,"column":6},"end":{"line":108,"column":18}},{"start":{"line":108,"column":18},"end":{"line":108,"column":56}}],"line":108},"11":{"loc":{"start":{"line":111,"column":22},"end":{"line":111,"column":null}},"type":"cond-expr","locations":[{"start":{"line":111,"column":61},"end":{"line":111,"column":87}},{"start":{"line":111,"column":87},"end":{"line":111,"column":null}}],"line":111},"12":{"loc":{"start":{"line":144,"column":4},"end":{"line":147,"column":null}},"type":"if","locations":[{"start":{"line":144,"column":4},"end":{"line":147,"column":null}},{"start":{},"end":{}}],"line":144},"13":{"loc":{"start":{"line":144,"column":8},"end":{"line":144,"column":87}},"type":"binary-expr","locations":[{"start":{"line":144,"column":8},"end":{"line":144,"column":23}},{"start":{"line":144,"column":23},"end":{"line":144,"column":41}},{"start":{"line":144,"column":41},"end":{"line":144,"column":60}},{"start":{"line":144,"column":60},"end":{"line":144,"column":87}}],"line":144},"14":{"loc":{"start":{"line":157,"column":6},"end":{"line":157,"column":null}},"type":"if","locations":[{"start":{"line":157,"column":6},"end":{"line":157,"column":null}},{"start":{},"end":{}}],"line":157},"15":{"loc":{"start":{"line":168,"column":4},"end":{"line":168,"column":null}},"type":"if","locations":[{"start":{"line":168,"column":4},"end":{"line":168,"column":null}},{"start":{},"end":{}}],"line":168},"16":{"loc":{"start":{"line":177,"column":16},"end":{"line":177,"column":null}},"type":"binary-expr","locations":[{"start":{"line":177,"column":16},"end":{"line":177,"column":27}},{"start":{"line":177,"column":27},"end":{"line":177,"column":null}}],"line":177},"17":{"loc":{"start":{"line":181,"column":4},"end":{"line":186,"column":null}},"type":"if","locations":[{"start":{"line":181,"column":4},"end":{"line":186,"column":null}},{"start":{},"end":{}}],"line":181},"18":{"loc":{"start":{"line":182,"column":22},"end":{"line":182,"column":46}},"type":"binary-expr","locations":[{"start":{"line":182,"column":22},"end":{"line":182,"column":42}},{"start":{"line":182,"column":42},"end":{"line":182,"column":46}}],"line":182},"19":{"loc":{"start":{"line":183,"column":22},"end":{"line":183,"column":46}},"type":"binary-expr","locations":[{"start":{"line":183,"column":22},"end":{"line":183,"column":42}},{"start":{"line":183,"column":42},"end":{"line":183,"column":46}}],"line":183},"20":{"loc":{"start":{"line":184,"column":24},"end":{"line":184,"column":44}},"type":"binary-expr","locations":[{"start":{"line":184,"column":24},"end":{"line":184,"column":40}},{"start":{"line":184,"column":40},"end":{"line":184,"column":44}}],"line":184},"21":{"loc":{"start":{"line":184,"column":44},"end":{"line":184,"column":null}},"type":"if","locations":[{"start":{"line":184,"column":44},"end":{"line":184,"column":null}},{"start":{},"end":{}}],"line":184},"22":{"loc":{"start":{"line":184,"column":48},"end":{"line":184,"column":74}},"type":"binary-expr","locations":[{"start":{"line":184,"column":48},"end":{"line":184,"column":63}},{"start":{"line":184,"column":63},"end":{"line":184,"column":74}}],"line":184},"23":{"loc":{"start":{"line":193,"column":4},"end":{"line":193,"column":null}},"type":"if","locations":[{"start":{"line":193,"column":4},"end":{"line":193,"column":null}},{"start":{},"end":{}}],"line":193},"24":{"loc":{"start":{"line":194,"column":4},"end":{"line":194,"column":null}},"type":"if","locations":[{"start":{"line":194,"column":4},"end":{"line":194,"column":null}},{"start":{},"end":{}}],"line":194},"25":{"loc":{"start":{"line":195,"column":4},"end":{"line":195,"column":null}},"type":"if","locations":[{"start":{"line":195,"column":4},"end":{"line":195,"column":null}},{"start":{},"end":{}}],"line":195},"26":{"loc":{"start":{"line":196,"column":4},"end":{"line":196,"column":null}},"type":"if","locations":[{"start":{"line":196,"column":4},"end":{"line":196,"column":null}},{"start":{},"end":{}}],"line":196},"27":{"loc":{"start":{"line":201,"column":4},"end":{"line":201,"column":null}},"type":"if","locations":[{"start":{"line":201,"column":4},"end":{"line":201,"column":null}},{"start":{},"end":{}}],"line":201},"28":{"loc":{"start":{"line":202,"column":4},"end":{"line":202,"column":null}},"type":"if","locations":[{"start":{"line":202,"column":4},"end":{"line":202,"column":null}},{"start":{},"end":{}}],"line":202},"29":{"loc":{"start":{"line":202,"column":8},"end":{"line":202,"column":36}},"type":"binary-expr","locations":[{"start":{"line":202,"column":8},"end":{"line":202,"column":23}},{"start":{"line":202,"column":23},"end":{"line":202,"column":36}}],"line":202},"30":{"loc":{"start":{"line":203,"column":4},"end":{"line":203,"column":null}},"type":"if","locations":[{"start":{"line":203,"column":4},"end":{"line":203,"column":null}},{"start":{},"end":{}}],"line":203},"31":{"loc":{"start":{"line":203,"column":8},"end":{"line":203,"column":40}},"type":"binary-expr","locations":[{"start":{"line":203,"column":8},"end":{"line":203,"column":25}},{"start":{"line":203,"column":25},"end":{"line":203,"column":40}}],"line":203},"32":{"loc":{"start":{"line":221,"column":24},"end":{"line":221,"column":73}},"type":"if","locations":[{"start":{"line":221,"column":24},"end":{"line":221,"column":73}},{"start":{},"end":{}}],"line":221},"33":{"loc":{"start":{"line":224,"column":9},"end":{"line":235,"column":null}},"type":"binary-expr","locations":[{"start":{"line":224,"column":9},"end":{"line":224,"column":null}},{"start":{"line":225,"column":10},"end":{"line":235,"column":null}}],"line":224},"34":{"loc":{"start":{"line":236,"column":9},"end":{"line":254,"column":null}},"type":"binary-expr","locations":[{"start":{"line":236,"column":9},"end":{"line":236,"column":null}},{"start":{"line":237,"column":10},"end":{"line":254,"column":null}}],"line":236}},"s":{"0":5,"1":5,"2":0,"3":18,"4":10,"5":8,"6":0,"7":5,"8":5,"9":5,"10":11,"11":0,"12":11,"13":11,"14":11,"15":11,"16":11,"17":676,"18":124,"19":676,"20":128,"21":676,"22":24,"23":676,"24":210,"25":11,"26":11,"27":11,"28":11,"29":11,"30":11,"31":0,"32":4,"33":4,"34":4,"35":4,"36":4,"37":4,"38":4,"39":1,"40":4,"41":4,"42":4,"43":8,"44":4,"45":4,"46":4,"47":4,"48":4,"49":4,"50":4,"51":4,"52":4,"53":1,"54":1,"55":1,"56":1,"57":1,"58":1,"59":1,"60":1,"61":1,"62":1,"63":0,"64":0,"65":0,"66":0,"67":0,"68":0,"69":0,"70":0,"71":0,"72":0,"73":0,"74":0,"75":4,"76":4,"77":4,"78":1,"79":1,"80":0,"81":1,"82":1,"83":0,"84":1,"85":1,"86":1,"87":4,"88":4,"89":4,"90":4,"91":4,"92":0,"93":0,"94":0,"95":0,"96":0,"97":0,"98":4,"99":4,"100":678,"101":4,"102":138,"103":138,"104":0,"105":0,"106":0,"107":0,"108":0,"109":0,"110":0,"111":4,"112":270,"113":270,"114":0,"115":0,"116":0,"117":0,"118":0,"119":4,"120":0,"121":0,"122":270,"123":270,"124":270,"125":138,"126":138,"127":138,"128":0,"129":0,"130":0,"131":0},"f":{"0":0,"1":18,"2":11,"3":0,"4":4,"5":4,"6":4,"7":4,"8":8,"9":1,"10":0,"11":0,"12":0,"13":1,"14":0,"15":1,"16":4,"17":678,"18":138,"19":270,"20":0,"21":270,"22":138,"23":0,"24":0,"25":0},"b":{"0":[10,8,0],"1":[8,4],"2":[0,11],"3":[124,552],"4":[128,548],"5":[24,652],"6":[210,466],"7":[0,0],"8":[1,3],"9":[1,3],"10":[4,1],"11":[1,3],"12":[1,0],"13":[1,1,0,0],"14":[0,0],"15":[0,1],"16":[4,4],"17":[0,4],"18":[0,0],"19":[0,0],"20":[0,0],"21":[0,0],"22":[0,0],"23":[138,0],"24":[0,0],"25":[0,0],"26":[0,0],"27":[270,0],"28":[0,0],"29":[0,0],"30":[0,0],"31":[0,0],"32":[0,0],"33":[4,4],"34":[4,4]},"meta":{"lastBranch":35,"lastFunction":26,"lastStatement":132,"seen":{"s:10:28:10:Infinity":0,"s:19:25:19:Infinity":1,"f:21:9:21:21":0,"s:22:2:22:Infinity":2,"f:33:16:33:29":1,"b:35:4:36:Infinity:37:4:38:Infinity:39:4:40:Infinity":0,"s:34:2:41:Infinity":3,"s:36:6:36:Infinity":4,"s:38:6:38:Infinity":5,"b:38:13:38:25:38:25:38:Infinity":1,"s:40:6:40:Infinity":6,"s:56:13:56:Infinity":7,"s:57:13:57:Infinity":8,"s:58:12:58:Infinity":9,"f:68:16:68:27":2,"b:69:2:69:Infinity:undefined:undefined:undefined:undefined":2,"s:69:2:69:Infinity":10,"s:69:24:69:Infinity":11,"s:70:13:70:23":12,"s:70:30:70:41":13,"s:70:48:70:58":14,"s:70:65:70:Infinity":15,"s:71:2:76:Infinity":16,"b:72:4:72:Infinity:undefined:undefined:undefined:undefined":3,"s:72:4:72:Infinity":17,"s:72:20:72:Infinity":18,"b:73:4:73:Infinity:undefined:undefined:undefined:undefined":4,"s:73:4:73:Infinity":19,"s:73:20:73:Infinity":20,"b:74:4:74:Infinity:undefined:undefined:undefined:undefined":5,"s:74:4:74:Infinity":21,"s:74:20:74:Infinity":22,"b:75:4:75:Infinity:undefined:undefined:undefined:undefined":6,"s:75:4:75:Infinity":23,"s:75:20:75:Infinity":24,"s:77:16:77:Infinity":25,"s:78:16:78:Infinity":26,"s:79:12:79:Infinity":27,"s:80:13:80:Infinity":28,"s:81:13:81:Infinity":29,"s:82:2:82:Infinity":30,"f:85:9:85:34":3,"s:86:2:86:Infinity":31,"b:86:9:86:45:86:45:86:Infinity":7,"f:89:24:89:36":4,"s:92:12:92:Infinity":32,"s:93:18:93:Infinity":33,"f:93:18:93:32":5,"s:93:32:93:47":34,"s:98:19:98:Infinity":35,"f:98:19:98:34":6,"s:98:34:98:86":36,"b:98:55:98:79:98:79:98:86":8,"s:107:22:107:Infinity":37,"b:108:2:110:Infinity:undefined:undefined:undefined:undefined":9,"s:108:2:110:Infinity":38,"b:108:6:108:18:108:18:108:56":10,"s:109:4:109:Infinity":39,"s:111:22:111:Infinity":40,"b:111:61:111:87:111:87:111:Infinity":11,"s:114:14:117:Infinity":41,"f:114:14:114:Infinity":7,"s:115:10:115:Infinity":42,"f:115:31:115:40":8,"s:115:46:115:83":43,"s:119:17:119:Infinity":44,"s:120:32:120:Infinity":45,"s:121:21:121:Infinity":46,"s:122:2:122:Infinity":47,"s:124:17:124:Infinity":48,"s:130:18:130:Infinity":49,"s:131:19:131:Infinity":50,"s:132:21:132:Infinity":51,"s:136:2:161:Infinity":52,"f:136:2:136:18":9,"s:137:4:137:Infinity":53,"s:138:15:138:Infinity":54,"s:139:24:139:Infinity":55,"s:140:26:140:Infinity":56,"s:141:4:141:Infinity":57,"s:142:4:142:Infinity":58,"s:143:17:143:Infinity":59,"b:144:4:147:Infinity:undefined:undefined:undefined:undefined":12,"s:144:4:147:Infinity":60,"b:144:8:144:23:144:23:144:41:144:41:144:60:144:60:144:87":13,"s:145:6:145:Infinity":61,"s:146:6:146:Infinity":62,"s:148:15:148:Infinity":63,"s:149:16:149:Infinity":64,"s:150:10:158:Infinity":65,"f:150:10:150:18":10,"s:151:16:151:Infinity":66,"s:152:16:152:Infinity":67,"s:153:6:156:Infinity":68,"f:153:20:153:25":11,"s:153:36:156:8":69,"b:157:6:157:Infinity:undefined:undefined:undefined:undefined":14,"s:157:6:157:Infinity":70,"s:157:17:157:Infinity":71,"s:159:4:159:Infinity":72,"s:160:4:160:Infinity":73,"f:160:4:160:17":12,"s:160:17:160:Infinity":74,"s:164:17:164:Infinity":75,"s:165:22:165:Infinity":76,"s:166:2:175:Infinity":77,"f:166:2:166:18":13,"s:167:15:167:Infinity":78,"b:168:4:168:Infinity:undefined:undefined:undefined:undefined":15,"s:168:4:168:Infinity":79,"s:168:13:168:Infinity":80,"s:169:16:169:Infinity":81,"s:170:21:172:Infinity":82,"f:172:10:172:19":14,"s:172:26:172:45":83,"s:173:4:173:Infinity":84,"s:174:4:174:Infinity":85,"f:174:4:174:17":15,"s:174:19:174:42":86,"s:177:16:177:Infinity":87,"b:177:16:177:27:177:27:177:Infinity":16,"s:178:28:188:Infinity":88,"f:178:28:178:42":16,"s:179:14:179:Infinity":89,"s:180:14:180:Infinity":90,"b:181:4:186:Infinity:undefined:undefined:undefined:undefined":17,"s:181:4:186:Infinity":91,"s:182:6:182:Infinity":92,"b:182:22:182:42:182:42:182:46":18,"s:182:46:182:Infinity":93,"s:183:6:185:Infinity":94,"b:183:22:183:42:183:42:183:46":19,"s:184:8:184:Infinity":95,"b:184:24:184:40:184:40:184:44":20,"b:184:44:184:Infinity:undefined:undefined:undefined:undefined":21,"s:184:44:184:Infinity":96,"b:184:48:184:63:184:63:184:74":22,"s:184:74:184:Infinity":97,"s:187:4:187:Infinity":98,"s:190:8:190:Infinity":99,"f:190:8:190:14":17,"s:190:25:190:Infinity":100,"s:192:8:198:Infinity":101,"f:192:8:192:21":18,"b:193:4:193:Infinity:undefined:undefined:undefined:undefined":23,"s:193:4:193:Infinity":102,"s:193:23:193:Infinity":103,"b:194:4:194:Infinity:undefined:undefined:undefined:undefined":24,"s:194:4:194:Infinity":104,"s:194:21:194:Infinity":105,"b:195:4:195:Infinity:undefined:undefined:undefined:undefined":25,"s:195:4:195:Infinity":106,"s:195:22:195:Infinity":107,"b:196:4:196:Infinity:undefined:undefined:undefined:undefined":26,"s:196:4:196:Infinity":108,"s:196:23:196:Infinity":109,"s:197:4:197:Infinity":110,"s:200:8:205:Infinity":111,"f:200:8:200:21":19,"b:201:4:201:Infinity:undefined:undefined:undefined:undefined":27,"s:201:4:201:Infinity":112,"s:201:23:201:Infinity":113,"b:202:4:202:Infinity:undefined:undefined:undefined:undefined":28,"s:202:4:202:Infinity":114,"b:202:8:202:23:202:23:202:36":29,"s:202:36:202:Infinity":115,"b:203:4:203:Infinity:undefined:undefined:undefined:undefined":30,"s:203:4:203:Infinity":116,"b:203:8:203:25:203:25:203:40":31,"s:203:40:203:Infinity":117,"s:204:4:204:Infinity":118,"s:207:2:256:Infinity":119,"f:221:6:221:16":20,"b:221:24:221:73:undefined:undefined:undefined:undefined":32,"s:221:24:221:73":120,"s:221:57:221:73":121,"b:224:9:224:Infinity:225:10:235:Infinity":33,"f:225:16:225:21":21,"s:226:22:226:Infinity":122,"s:227:22:227:Infinity":123,"s:228:12:233:Infinity":124,"b:236:9:236:Infinity:237:10:254:Infinity":34,"f:237:18:237:23":22,"s:238:22:238:Infinity":125,"s:239:26:239:Infinity":126,"s:240:12:252:Infinity":127,"f:245:16:245:36":23,"s:245:36:245:Infinity":128,"f:246:16:246:36":24,"s:246:36:246:Infinity":129,"f:247:16:247:26":25,"s:247:34:247:55":130,"s:247:55:247:68":131},"fnNames":{}}}
,"/home/user/ringweave/app/src/graph/layout.ts": {"path":"/home/user/ringweave/app/src/graph/layout.ts","statementMap":{"0":{"start":{"line":23,"column":20},"end":{"line":23,"column":null}},"1":{"start":{"line":24,"column":16},"end":{"line":24,"column":null}},"2":{"start":{"line":25,"column":2},"end":{"line":28,"column":null}},"3":{"start":{"line":25,"column":15},"end":{"line":25,"column":18}},"4":{"start":{"line":26,"column":14},"end":{"line":26,"column":null}},"5":{"start":{"line":27,"column":4},"end":{"line":27,"column":null}},"6":{"start":{"line":29,"column":2},"end":{"line":29,"column":null}},"7":{"start":{"line":40,"column":27},"end":{"line":40,"column":null}},"8":{"start":{"line":41,"column":31},"end":{"line":41,"column":null}},"9":{"start":{"line":49,"column":25},"end":{"line":49,"column":null}},"10":{"start":{"line":50,"column":24},"end":{"line":50,"column":null}},"11":{"start":{"line":51,"column":26},"end":{"line":51,"column":null}},"12":{"start":{"line":56,"column":2},"end":{"line":56,"column":null}},"13":{"start":{"line":56,"column":30},"end":{"line":56,"column":null}},"14":{"start":{"line":57,"column":2},"end":{"line":57,"column":null}},"15":{"start":{"line":79,"column":2},"end":{"line":79,"column":null}},"16":{"start":{"line":79,"column":57},"end":{"line":79,"column":null}},"17":{"start":{"line":80,"column":27},"end":{"line":80,"column":null}},"18":{"start":{"line":80,"column":56},"end":{"line":80,"column":85}},"19":{"start":{"line":81,"column":27},"end":{"line":81,"column":null}},"20":{"start":{"line":81,"column":60},"end":{"line":81,"column":79}},"21":{"start":{"line":83,"column":14},"end":{"line":94,"column":null}},"22":{"start":{"line":88,"column":19},"end":{"line":88,"column":26}},"23":{"start":{"line":96,"column":2},"end":{"line":96,"column":null}},"24":{"start":{"line":97,"column":2},"end":{"line":97,"column":null}},"25":{"start":{"line":97,"column":27},"end":{"line":97,"column":56}}},"fnMap":{"0":{"name":"ringLayout","decl":{"start":{"line":22,"column":16},"end":{"line":22,"column":27}},"loc":{"start":{"line":22,"column":44},"end":{"line":30,"column":null}},"line":22},"1":{"name":"forceIters","decl":{"start":{"line":55,"column":16},"end":{"line":55,"column":27}},"loc":{"start":{"line":55,"column":46},"end":{"line":58,"column":null}},"line":55},"2":{"name":"forceLayout","decl":{"start":{"line":78,"column":16},"end":{"line":78,"column":28}},"loc":{"start":{"line":78,"column":95},"end":{"line":98,"column":null}},"line":78},"3":{"name":"(anonymous_3)","decl":{"start":{"line":80,"column":41},"end":{"line":80,"column":46}},"loc":{"start":{"line":80,"column":56},"end":{"line":80,"column":85}},"line":80},"4":{"name":"(anonymous_4)","decl":{"start":{"line":81,"column":33},"end":{"line":81,"column":38}},"loc":{"start":{"line":81,"column":60},"end":{"line":81,"column":79}},"line":81},"5":{"name":"(anonymous_5)","decl":{"start":{"line":88,"column":9},"end":{"line":88,"column":13}},"loc":{"start":{"line":88,"column":19},"end":{"line":88,"column":26}},"line":88},"6":{"name":"(anonymous_6)","decl":{"start":{"line":97,"column":15},"end":{"line":97,"column":20}},"loc":{"start":{"line":97,"column":27},"end":{"line":97,"column":56}},"line":97}},"branchMap":{"0":{"loc":{"start":{"line":56,"column":2},"end":{"line":56,"column":null}},"type":"if","locations":[{"start":{"line":56,"column":2},"end":{"line":56,"column":null}},{"start":{},"end":{}}],"line":56},"1":{"loc":{"start":{"line":78,"column":66},"end":{"line":78,"column":95}},"type":"default-arg","locations":[{"start":{"line":78,"column":74},"end":{"line":78,"column":95}}],"line":78},"2":{"loc":{"start":{"line":79,"column":2},"end":{"line":79,"column":null}},"type":"if","locations":[{"start":{"line":79,"column":2},"end":{"line":79,"column":null}},{"start":{},"end":{}}],"line":79},"3":{"loc":{"start":{"line":79,"column":6},"end":{"line":79,"column":57}},"type":"binary-expr","locations":[{"start":{"line":79,"column":6},"end":{"line":79,"column":25}},{"start":{"line":79,"column":25},"end":{"line":79,"column":57}}],"line":79},"4":{"loc":{"start":{"line":97,"column":32},"end":{"line":97,"column":42}},"type":"binary-expr","locations":[{"start":{"line":97,"column":32},"end":{"line":97,"column":39}},{"start":{"line":97,"column":39},"end":{"line":97,"column":42}}],"line":97},"5":{"loc":{"start":{"line":97,"column":45},"end":{"line":97,"column":54}},"type":"binary-expr","locations":[{"start":{"line":97,"column":45},"end":{"line":97,"column":52}},{"start":{"line":97,"column":52},"end":{"line":97,"column":54}}],"line":97}},"s":{"0":23,"1":23,"2":23,"3":23,"4":8140,"5":8140,"6":23,"7":6,"8":6,"9":6,"10":6,"11":6,"12":28,"13":8,"14":20,"15":13,"16":2,"17":11,"18":4660,"19":11,"20":8070,"21":11,"22":4660,"23":11,"24":11,"25":4660},"f":{"0":23,"1":28,"2":13,"3":4660,"4":8070,"5":4660,"6":4660},"b":{"0":[8,20],"1":[13],"2":[2,11],"3":[13,12],"4":[4660,0],"5":[4660,0]},"meta":{"lastBranch":6,"lastFunction":7,"lastStatement":26,"seen":{"f:22:16:22:27":0,"s:23:20:23:Infinity":0,"s:24:16:24:Infinity":1,"s:25:2:28:Infinity":2,"s:25:15:25:18":3,"s:26:14:26:Infinity":4,"s:27:4:27:Infinity":5,"s:29:2:29:Infinity":6,"s:40:27:40:Infinity":7,"s:41:31:41:Infinity":8,"s:49:25:49:Infinity":9,"s:50:24:50:Infinity":10,"s:51:26:51:Infinity":11,"f:55:16:55:27":1,"b:56:2:56:Infinity:undefined:undefined:undefined:undefined":0,"s:56:2:56:Infinity":12,"s:56:30:56:Infinity":13,"s:57:2:57:Infinity":14,"f:78:16:78:28":2,"b:78:74:78:95":1,"b:79:2:79:Infinity:undefined:undefined:undefined:undefined":2,"s:79:2:79:Infinity":15,"b:79:6:79:25:79:25:79:57":3,"s:79:57:79:Infinity":16,"s:80:27:80:Infinity":17,"f:80:41:80:46":3,"s:80:56:80:85":18,"s:81:27:81:Infinity":19,"f:81:33:81:38":4,"s:81:60:81:79":20,"s:83:14:94:Infinity":21,"f:88:9:88:13":5,"s:88:19:88:26":22,"s:96:2:96:Infinity":23,"s:97:2:97:Infinity":24,"f:97:15:97:20":6,"s:97:27:97:56":25,"b:97:32:97:39:97:39:97:42":4,"b:97:45:97:52:97:52:97:54":5},"fnNames":{}}}
,"/home/user/ringweave/app/src/io/download.ts": {"path":"/home/user/ringweave/app/src/io/download.ts","statementMap":{"0":{"start":{"line":3,"column":15},"end":{"line":3,"column":null}},"1":{"start":{"line":4,"column":14},"end":{"line":4,"column":null}},"2":{"start":{"line":5,"column":12},"end":{"line":5,"column":null}},"3":{"start":{"line":6,"column":2},"end":{"line":6,"column":null}},"4":{"start":{"line":7,"column":2},"end":{"line":7,"column":null}},"5":{"start":{"line":8,"column":2},"end":{"line":8,"column":null}},"6":{"start":{"line":9,"column":2},"end":{"line":9,"column":null}},"7":{"start":{"line":18,"column":2},"end":{"line":18,"column":null}},"8":{"start":{"line":23,"column":2},"end":{"line":23,"column":null}},"9":{"start":{"line":23,"column":25},"end":{"line":23,"column":93}},"10":{"start":{"line":23,"column":38},"end":{"line":23,"column":82}},"11":{"start":{"line":27,"column":2},"end":{"line":34,"column":null}},"12":{"start":{"line":28,"column":4},"end":{"line":31,"column":null}},"13":{"start":{"line":29,"column":6},"end":{"line":29,"column":null}},"14":{"start":{"line":30,"column":6},"end":{"line":30,"column":null}},"15":{"start":{"line":35,"column":2},"end":{"line":35,"column":null}}},"fnMap":{"0":{"name":"downloadBlob","decl":{"start":{"line":2,"column":16},"end":{"line":2,"column":29}},"loc":{"start":{"line":2,"column":81},"end":{"line":10,"column":null}},"line":2},"1":{"name":"neutralizeCell","decl":{"start":{"line":17,"column":16},"end":{"line":17,"column":31}},"loc":{"start":{"line":17,"column":53},"end":{"line":19,"column":null}},"line":17},"2":{"name":"toCsv","decl":{"start":{"line":22,"column":16},"end":{"line":22,"column":22}},"loc":{"start":{"line":22,"column":48},"end":{"line":24,"column":null}},"line":22},"3":{"name":"(anonymous_3)","decl":{"start":{"line":23,"column":14},"end":{"line":23,"column":19}},"loc":{"start":{"line":23,"column":25},"end":{"line":23,"column":93}},"line":23},"4":{"name":"(anonymous_4)","decl":{"start":{"line":23,"column":27},"end":{"line":23,"column":32}},"loc":{"start":{"line":23,"column":38},"end":{"line":23,"column":82}},"line":23},"5":{"name":"copyText","decl":{"start":{"line":26,"column":22},"end":{"line":26,"column":31}},"loc":{"start":{"line":26,"column":63},"end":{"line":36,"column":null}},"line":26}},"branchMap":{"0":{"loc":{"start":{"line":18,"column":9},"end":{"line":18,"column":null}},"type":"cond-expr","locations":[{"start":{"line":18,"column":37},"end":{"line":18,"column":50}},{"start":{"line":18,"column":50},"end":{"line":18,"column":null}}],"line":18},"1":{"loc":{"start":{"line":28,"column":4},"end":{"line":31,"column":null}},"type":"if","locations":[{"start":{"line":28,"column":4},"end":{"line":31,"column":null}},{"start":{},"end":{}}],"line":28}},"s":{"0":0,"1":0,"2":0,"3":0,"4":0,"5":0,"6":0,"7":23,"8":6,"9":6,"10":7,"11":0,"12":0,"13":0,"14":0,"15":0},"f":{"0":0,"1":23,"2":6,"3":6,"4":7,"5":0},"b":{"0":[11,12],"1":[0,0]},"meta":{"lastBranch":2,"lastFunction":6,"lastStatement":16,"seen":{"f:2:16:2:29":0,"s:3:15:3:Infinity":0,"s:4:14:4:Infinity":1,"s:5:12:5:Infinity":2,"s:6:2:6:Infinity":3,"s:7:2:7:Infinity":4,"s:8:2:8:Infinity":5,"s:9:2:9:Infinity":6,"f:17:16:17:31":1,"s:18:2:18:Infinity":7,"b:18:37:18:50:18:50:18:Infinity":0,"f:22:16:22:22":2,"s:23:2:23:Infinity":8,"f:23:14:23:19":3,"s:23:25:23:93":9,"f:23:27:23:32":4,"s:23:38:23:82":10,"f:26:22:26:31":5,"s:27:2:34:Infinity":11,"b:28:4:31:Infinity:undefined:undefined:undefined:undefined":1,"s:28:4:31:Infinity":12,"s:29:6:29:Infinity":13,"s:30:6:30:Infinity":14,"s:35:2:35:Infinity":15},"fnNames":{}}}
,"/home/user/ringweave/app/src/io/exportGraph.ts": {"path":"/home/user/ringweave/app/src/io/exportGraph.ts","statementMap":{"0":{"start":{"line":6,"column":2},"end":{"line":6,"column":null}},"1":{"start":{"line":15,"column":16},"end":{"line":17,"column":null}},"2":{"start":{"line":17,"column":20},"end":{"line":17,"column":46}},"3":{"start":{"line":18,"column":2},"end":{"line":30,"column":null}},"4":{"start":{"line":20,"column":42},"end":{"line":20,"column":55}},"5":{"start":{"line":34,"column":2},"end":{"line":34,"column":null}}},"fnMap":{"0":{"name":"canonical","decl":{"start":{"line":5,"column":9},"end":{"line":5,"column":19}},"loc":{"start":{"line":5,"column":58},"end":{"line":7,"column":null}},"line":5},"1":{"name":"exportGraph","decl":{"start":{"line":14,"column":16},"end":{"line":14,"column":28}},"loc":{"start":{"line":14,"column":61},"end":{"line":31,"column":null}},"line":14},"2":{"name":"(anonymous_2)","decl":{"start":{"line":17,"column":5},"end":{"line":17,"column":11}},"loc":{"start":{"line":17,"column":20},"end":{"line":17,"column":46}},"line":17},"3":{"name":"(anonymous_3)","decl":{"start":{"line":20,"column":23},"end":{"line":20,"column":28}},"loc":{"start":{"line":20,"column":42},"end":{"line":20,"column":55}},"line":20},"4":{"name":"exportGraphJson","decl":{"start":{"line":33,"column":16},"end":{"line":33,"column":32}},"loc":{"start":{"line":33,"column":57},"end":{"line":35,"column":null}},"line":33}},"branchMap":{"0":{"loc":{"start":{"line":6,"column":9},"end":{"line":6,"column":null}},"type":"cond-expr","locations":[{"start":{"line":6,"column":24},"end":{"line":6,"column":39}},{"start":{"line":6,"column":39},"end":{"line":6,"column":null}}],"line":6},"1":{"loc":{"start":{"line":17,"column":20},"end":{"line":17,"column":46}},"type":"binary-expr","locations":[{"start":{"line":17,"column":20},"end":{"line":17,"column":35}},{"start":{"line":17,"column":35},"end":{"line":17,"column":46}}],"line":17}},"s":{"0":146,"1":4,"2":142,"3":4,"4":76,"5":2},"f":{"0":146,"1":4,"2":142,"3":76,"4":2},"b":{"0":[146,0],"1":[142,74]},"meta":{"lastBranch":2,"lastFunction":5,"lastStatement":6,"seen":{"f:5:9:5:19":0,"s:6:2:6:Infinity":0,"b:6:24:6:39:6:39:6:Infinity":0,"f:14:16:14:28":1,"s:15:16:17:Infinity":1,"f:17:5:17:11":2,"s:17:20:17:46":2,"b:17:20:17:35:17:35:17:46":1,"s:18:2:30:Infinity":3,"f:20:23:20:28":3,"s:20:42:20:55":4,"f:33:16:33:32":4,"s:34:2:34:Infinity":5},"fnNames":{}}}
,"/home/user/ringweave/app/src/io/feasibility.ts": {"path":"/home/user/ringweave/app/src/io/feasibility.ts","statementMap":{"0":{"start":{"line":5,"column":21},"end":{"line":5,"column":null}},"1":{"start":{"line":23,"column":2},"end":{"line":25,"column":null}},"2":{"start":{"line":24,"column":4},"end":{"line":24,"column":null}},"3":{"start":{"line":26,"column":2},"end":{"line":32,"column":null}},"4":{"start":{"line":27,"column":17},"end":{"line":27,"column":null}},"5":{"start":{"line":28,"column":4},"end":{"line":31,"column":null}},"6":{"start":{"line":33,"column":2},"end":{"line":38,"column":null}},"7":{"start":{"line":34,"column":4},"end":{"line":37,"column":null}},"8":{"start":{"line":40,"column":29},"end":{"line":40,"column":null}},"9":{"start":{"line":41,"column":2},"end":{"line":45,"column":null}},"10":{"start":{"line":42,"column":4},"end":{"line":44,"column":null}},"11":{"start":{"line":48,"column":2},"end":{"line":50,"column":null}},"12":{"start":{"line":49,"column":4},"end":{"line":49,"column":null}},"13":{"start":{"line":51,"column":2},"end":{"line":51,"column":null}}},"fnMap":{"0":{"name":"feasibility","decl":{"start":{"line":19,"column":16},"end":{"line":19,"column":28}},"loc":{"start":{"line":19,"column":63},"end":{"line":52,"column":null}},"line":19}},"branchMap":{"0":{"loc":{"start":{"line":23,"column":2},"end":{"line":25,"column":null}},"type":"if","locations":[{"start":{"line":23,"column":2},"end":{"line":25,"column":null}},{"start":{},"end":{}}],"line":23},"1":{"loc":{"start":{"line":23,"column":6},"end":{"line":23,"column":37}},"type":"binary-expr","locations":[{"start":{"line":23,"column":6},"end":{"line":23,"column":30}},{"start":{"line":23,"column":30},"end":{"line":23,"column":37}}],"line":23},"2":{"loc":{"start":{"line":26,"column":2},"end":{"line":32,"column":null}},"type":"if","locations":[{"start":{"line":26,"column":2},"end":{"line":32,"column":null}},{"start":{},"end":{}}],"line":26},"3":{"loc":{"start":{"line":33,"column":2},"end":{"line":38,"column":null}},"type":"if","locations":[{"start":{"line":33,"column":2},"end":{"line":38,"column":null}},{"start":{},"end":{}}],"line":33},"4":{"loc":{"start":{"line":41,"column":2},"end":{"line":45,"column":null}},"type":"if","locations":[{"start":{"line":41,"column":2},"end":{"line":45,"column":null}},{"start":{},"end":{}}],"line":41},"5":{"loc":{"start":{"line":48,"column":2},"end":{"line":50,"column":null}},"type":"if","locations":[{"start":{"line":48,"column":2},"end":{"line":50,"column":null}},{"start":{},"end":{}}],"line":48}},"s":{"0":3,"1":41,"2":4,"3":37,"4":17,"5":17,"6":20,"7":1,"8":19,"9":19,"10":2,"11":19,"12":2,"13":19},"f":{"0":41},"b":{"0":[4,37],"1":[41,40],"2":[17,20],"3":[1,19],"4":[2,17],"5":[2,17]},"meta":{"lastBranch":6,"lastFunction":1,"lastStatement":14,"seen":{"s:5:21:5:Infinity":0,"f:19:16:19:28":0,"b:23:2:25:Infinity:undefined:undefined:undefined:undefined":0,"s:23:2:25:Infinity":1,"b:23:6:23:30:23:30:23:37":1,"s:24:4:24:Infinity":2,"b:26:2:32:Infinity:undefined:undefined:undefined:undefined":2,"s:26:2:32:Infinity":3,"s:27:17:27:Infinity":4,"s:28:4:31:Infinity":5,"b:33:2:38:Infinity:undefined:undefined:undefined:undefined":3,"s:33:2:38:Infinity":6,"s:34:4:37:Infinity":7,"s:40:29:40:Infinity":8,"b:41:2:45:Infinity:undefined:undefined:undefined:undefined":4,"s:41:2:45:Infinity":9,"s:42:4:44:Infinity":10,"b:48:2:50:Infinity:undefined:undefined:undefined:undefined":5,"s:48:2:50:Infinity":11,"s:49:4:49:Infinity":12,"s:51:2:51:Infinity":13},"fnNames":{}}}
,"/home/user/ringweave/app/src/io/importGraph.ts": {"path":"/home/user/ringweave/app/src/io/importGraph.ts","statementMap":{"0":{"start":{"line":14,"column":27},"end":{"line":14,"column":null}},"1":{"start":{"line":33,"column":28},"end":{"line":33,"column":null}},"2":{"start":{"line":36,"column":2},"end":{"line":36,"column":null}},"3":{"start":{"line":45,"column":19},"end":{"line":45,"column":null}},"4":{"start":{"line":46,"column":2},"end":{"line":51,"column":null}},"5":{"start":{"line":63,"column":2},"end":{"line":65,"column":null}},"6":{"start":{"line":64,"column":4},"end":{"line":64,"column":null}},"7":{"start":{"line":66,"column":12},"end":{"line":66,"column":null}},"8":{"start":{"line":67,"column":2},"end":{"line":69,"column":null}},"9":{"start":{"line":68,"column":4},"end":{"line":68,"column":null}},"10":{"start":{"line":70,"column":2},"end":{"line":72,"column":null}},"11":{"start":{"line":71,"column":4},"end":{"line":71,"column":null}},"12":{"start":{"line":73,"column":2},"end":{"line":75,"column":null}},"13":{"start":{"line":74,"column":4},"end":{"line":74,"column":null}},"14":{"start":{"line":76,"column":2},"end":{"line":78,"column":null}},"15":{"start":{"line":77,"column":4},"end":{"line":77,"column":null}},"16":{"start":{"line":81,"column":2},"end":{"line":83,"column":null}},"17":{"start":{"line":82,"column":4},"end":{"line":82,"column":null}},"18":{"start":{"line":86,"column":2},"end":{"line":88,"column":null}},"19":{"start":{"line":87,"column":4},"end":{"line":87,"column":null}},"20":{"start":{"line":90,"column":12},"end":{"line":90,"column":null}},"21":{"start":{"line":91,"column":26},"end":{"line":100,"column":null}},"22":{"start":{"line":92,"column":4},"end":{"line":94,"column":null}},"23":{"start":{"line":93,"column":6},"end":{"line":93,"column":null}},"24":{"start":{"line":96,"column":4},"end":{"line":98,"column":null}},"25":{"start":{"line":97,"column":6},"end":{"line":97,"column":null}},"26":{"start":{"line":99,"column":4},"end":{"line":99,"column":null}},"27":{"start":{"line":108,"column":2},"end":{"line":110,"column":null}},"28":{"start":{"line":108,"column":24},"end":{"line":108,"column":50}},"29":{"start":{"line":109,"column":4},"end":{"line":109,"column":null}},"30":{"start":{"line":118,"column":17},"end":{"line":118,"column":null}},"31":{"start":{"line":119,"column":2},"end":{"line":121,"column":null}},"32":{"start":{"line":120,"column":4},"end":{"line":120,"column":null}},"33":{"start":{"line":122,"column":20},"end":{"line":122,"column":null}},"34":{"start":{"line":123,"column":2},"end":{"line":125,"column":null}},"35":{"start":{"line":123,"column":57},"end":{"line":123,"column":71}},"36":{"start":{"line":124,"column":4},"end":{"line":124,"column":null}},"37":{"start":{"line":127,"column":12},"end":{"line":127,"column":null}},"38":{"start":{"line":128,"column":2},"end":{"line":140,"column":null}},"39":{"start":{"line":129,"column":4},"end":{"line":131,"column":null}},"40":{"start":{"line":130,"column":6},"end":{"line":130,"column":null}},"41":{"start":{"line":132,"column":19},"end":{"line":132,"column":null}},"42":{"start":{"line":133,"column":4},"end":{"line":138,"column":null}},"43":{"start":{"line":137,"column":6},"end":{"line":137,"column":null}},"44":{"start":{"line":139,"column":4},"end":{"line":139,"column":null}},"45":{"start":{"line":142,"column":18},"end":{"line":142,"column":null}},"46":{"start":{"line":143,"column":33},"end":{"line":143,"column":null}},"47":{"start":{"line":144,"column":18},"end":{"line":144,"column":null}},"48":{"start":{"line":144,"column":35},"end":{"line":144,"column":70}},"49":{"start":{"line":144,"column":64},"end":{"line":144,"column":69}},"50":{"start":{"line":145,"column":19},"end":{"line":145,"column":null}},"51":{"start":{"line":147,"column":2},"end":{"line":161,"column":null}}},"fnMap":{"0":{"name":"sanitizeInt","decl":{"start":{"line":35,"column":9},"end":{"line":35,"column":21}},"loc":{"start":{"line":35,"column":87},"end":{"line":37,"column":null}},"line":35},"1":{"name":"sanitizeSettings","decl":{"start":{"line":44,"column":9},"end":{"line":44,"column":26}},"loc":{"start":{"line":44,"column":104},"end":{"line":52,"column":null}},"line":44},"2":{"name":"importGraph","decl":{"start":{"line":62,"column":16},"end":{"line":62,"column":28}},"loc":{"start":{"line":62,"column":54},"end":{"line":162,"column":null}},"line":62},"3":{"name":"(anonymous_3)","decl":{"start":{"line":91,"column":35},"end":{"line":91,"column":40}},"loc":{"start":{"line":91,"column":49},"end":{"line":100,"column":3}},"line":91},"4":{"name":"(anonymous_4)","decl":{"start":{"line":108,"column":12},"end":{"line":108,"column":18}},"loc":{"start":{"line":108,"column":24},"end":{"line":108,"column":50}},"line":108},"5":{"name":"(anonymous_5)","decl":{"start":{"line":123,"column":42},"end":{"line":123,"column":48}},"loc":{"start":{"line":123,"column":57},"end":{"line":123,"column":71}},"line":123},"6":{"name":"(anonymous_6)","decl":{"start":{"line":144,"column":24},"end":{"line":144,"column":29}},"loc":{"start":{"line":144,"column":35},"end":{"line":144,"column":70}},"line":144},"7":{"name":"(anonymous_7)","decl":{"start":{"line":144,"column":49},"end":{"line":144,"column":55}},"loc":{"start":{"line":144,"column":64},"end":{"line":144,"column":69}},"line":144}},"branchMap":{"0":{"loc":{"start":{"line":36,"column":9},"end":{"line":36,"column":null}},"type":"cond-expr","locations":[{"start":{"line":36,"column":35},"end":{"line":36,"column":81}},{"start":{"line":36,"column":81},"end":{"line":36,"column":null}}],"line":36},"1":{"loc":{"start":{"line":45,"column":19},"end":{"line":45,"column":null}},"type":"cond-expr","locations":[{"start":{"line":45,"colu
[...]
,"end":{"line":73,"column":null}},"13":{"start":{"line":30,"column":74},"end":{"line":30,"column":102}},"14":{"start":{"line":32,"column":73},"end":{"line":32,"column":101}},"15":{"start":{"line":45,"column":31},"end":{"line":45,"column":null}},"16":{"start":{"line":53,"column":31},"end":{"line":53,"column":null}},"17":{"start":{"line":67,"column":31},"end":{"line":67,"column":null}}},"fnMap":{"0":{"name":"(anonymous_0)","decl":{"start":{"line":8,"column":6},"end":{"line":8,"column":21}},"loc":{"start":{"line":8,"column":54},"end":{"line":8,"column":null}},"line":8},"1":{"name":"(anonymous_1)","decl":{"start":{"line":9,"column":6},"end":{"line":9,"column":21}},"loc":{"start":{"line":9,"column":54},"end":{"line":9,"column":null}},"line":9},"2":{"name":"(anonymous_2)","decl":{"start":{"line":11,"column":6},"end":{"line":11,"column":15}},"loc":{"start":{"line":11,"column":61},"end":{"line":11,"column":null}},"line":11},"3":{"name":"SettingsControls","decl":{"start":{"line":16,"column":24},"end":{"line":16,"column":41}},"loc":{"start":{"line":16,"column":72},"end":{"line":75,"column":null}},"line":16},"4":{"name":"(anonymous_4)","decl":{"start":{"line":17,"column":8},"end":{"line":17,"column":16}},"loc":{"start":{"line":17,"column":30},"end":{"line":17,"column":null}},"line":17},"5":{"name":"(anonymous_5)","decl":{"start":{"line":19,"column":8},"end":{"line":19,"column":21}},"loc":{"start":{"line":20,"column":4},"end":{"line":20,"column":null}},"line":20},"6":{"name":"(anonymous_6)","decl":{"start":{"line":22,"column":8},"end":{"line":22,"column":19}},"loc":{"start":{"line":23,"column":4},"end":{"line":23,"column":null}},"line":23},"7":{"name":"(anonymous_7)","decl":{"start":{"line":30,"column":59},"end":{"line":30,"column":74}},"loc":{"start":{"line":30,"column":74},"end":{"line":30,"column":102}},"line":30},"8":{"name":"(anonymous_8)","decl":{"start":{"line":32,"column":58},"end":{"line":32,"column":73}},"loc":{"start":{"line":32,"column":73},"end":{"line":32,"column":101}},"line":32},"9":{"name":"(anonymous_9)","decl":{"start":{"line":45,"column":14},"end":{"line":45,"column":25}},"loc":{"start":{"line":45,"column":31},"end":{"line":45,"column":null}},"line":45},"10":{"name":"(anonymous_10)","decl":{"start":{"line":53,"column":14},"end":{"line":53,"column":25}},"loc":{"start":{"line":53,"column":31},"end":{"line":53,"column":null}},"line":53},"11":{"name":"(anonymous_11)","decl":{"start":{"line":67,"column":14},"end":{"line":67,"column":25}},"loc":{"start":{"line":67,"column":31},"end":{"line":67,"column":null}},"line":67}},"branchMap":{"0":{"loc":{"start":{"line":8,"column":54},"end":{"line":8,"column":null}},"type":"cond-expr","locations":[{"start":{"line":8,"column":69},"end":{"line":8,"column":78}},{"start":{"line":8,"column":78},"end":{"line":8,"column":null}}],"line":8},"1":{"loc":{"start":{"line":8,"column":78},"end":{"line":8,"column":null}},"type":"cond-expr","locations":[{"start":{"line":8,"column":82},"end":{"line":8,"column":89}},{"start":{"line":8,"column":89},"end":{"line":8,"column":null}}],"line":8},"2":{"loc":{"start":{"line":9,"column":54},"end":{"line":9,"column":null}},"type":"cond-expr","locations":[{"start":{"line":9,"column":69},"end":{"line":9,"column":78}},{"start":{"line":9,"column":78},"end":{"line":9,"column":null}}],"line":9},"3":{"loc":{"start":{"line":20,"column":43},"end":{"line":20,"column":142}},"type":"cond-expr","locations":[{"start":{"line":20,"column":66},"end":{"line":20,"column":123}},{"start":{"line":20,"column":123},"end":{"line":20,"column":142}}],"line":20},"4":{"loc":{"start":{"line":23,"column":34},"end":{"line":23,"column":98}},"type":"cond-expr","locations":[{"start":{"line":23,"column":58},"end":{"line":23,"column":84}},{"start":{"line":23,"column":84},"end":{"line":23,"column":98}}],"line":23},"5":{"loc":{"start":{"line":44,"column":21},"end":{"line":44,"column":null}},"type":"binary-expr","locations":[{"start":{"line":44,"column":21},"end":{"line":44,"column":47}},{"start":{"line":44,"column":47},"end":{"line":44,"column":null}}],"line":44}},"s":{"0":2,"1":30,"2":2,"3":0,"4":2,"5":0,"6":30,"7":0,"8":30,"9":0,"10":30,"11":0,"12":30,"13":0,"14":0,"15":0,"16":0,"17":0},"f":{"0":30,"1":0,"2":0,"3":30,"4":0,"5":0,"6":0,"7":0,"8":0,"9":0,"10":0,"11":0},"b":{"0":[30,0],"1":[0,0],"2":[0,0],"3":[0,0],"4":[0,0],"5":[30,30]},"meta":{"lastBranch":6,"lastFunction":12,"lastStatement":18,"seen":{"s:8:6:8:Infinity":0,"f:8:6:8:21":0,"s:8:54:8:Infinity":1,"b:8:69:8:78:8:78:8:Infinity":0,"b:8:82:8:89:8:89:8:Infinity":1,"s:9:6:9:Infinity":2,"f:9:6:9:21":1,"s:9:54:9:Infinity":3,"b:9:69:9:78:9:78:9:Infinity":2,"s:11:6:11:Infinity":4,"f:11:6:11:15":2,"s:11:61:11:Infinity":5,"f:16:24:16:41":3,"s:17:8:17:Infinity":6,"f:17:8:17:16":4,"s:17:30:17:Infinity":7,"s:19:8:20:Infinity":8,"f:19:8:19:21":5,"s:20:4:20:Infinity":9,"b:20:66:20:123:20:123:20:142":3,"s:22:8:23:Infinity":10,"f:22:8:22:19":6,"s:23:4:23:Infinity":11,"b:23:58:23:84:23:84:23:98":4,"s:25:2:73:Infinity":12,"f:30:59:30:74":7,"s:30:74:30:102":13,"f:32:58:32:73":8,"s:32:73:32:101":14,"b:44:21:44:47:44:47:44:Infinity":5,"f:45:14:45:25":9,"s:45:31:45:Infinity":15,"f:53:14:53:25":10,"s:53:31:53:Infinity":16,"f:67:14:67:25":11,"s:67:31:67:Infinity":17},"fnNames":{}}}
,"/home/user/ringweave/app/src/panels/Slips.tsx": {"path":"/home/user/ringweave/app/src/panels/Slips.tsx","statementMap":{"0":{"start":{"line":6,"column":2},"end":{"line":15,"column":null}},"1":{"start":{"line":9,"column":8},"end":{"line":13,"column":null}}},"fnMap":{"0":{"name":"Slips","decl":{"start":{"line":5,"column":24},"end":{"line":5,"column":30}},"loc":{"start":{"line":5,"column":61},"end":{"line":17,"column":null}},"line":5},"1":{"name":"(anonymous_1)","decl":{"start":{"line":8,"column":18},"end":{"line":8,"column":23}},"loc":{"start":{"line":9,"column":8},"end":{"line":13,"column":null}},"line":9}},"branchMap":{},"s":{"0":2,"1":10},"f":{"0":2,"1":10},"b":{},"meta":{"lastBranch":0,"lastFunction":2,"lastStatement":2,"seen":{"f:5:24:5:30":0,"s:6:2:15:Infinity":0,"f:8:18:8:23":1,"s:9:8:13:Infinity":1},"fnNames":{}}}
,"/home/user/ringweave/app/src/state/useBuddyGraph.ts": {"path":"/home/user/ringweave/app/src/state/useBuddyGraph.ts","statementMap":{"0":{"start":{"line":6,"column":2},"end":{"line":6,"column":null}},"1":{"start":{"line":6,"column":52},"end":{"line":6,"column":62}},"2":{"start":{"line":10,"column":2},"end":{"line":10,"column":null}},"3":{"start":{"line":10,"column":29},"end":{"line":10,"column":null}},"4":{"start":{"line":11,"column":2},"end":{"line":13,"column":null}},"5":{"start":{"line":11,"column":15},"end":{"line":11,"column":18}},"6":{"start":{"line":12,"column":4},"end":{"line":12,"column":null}},"7":{"start":{"line":12,"column":52},"end":{"line":12,"column":null}},"8":{"start":{"line":14,"column":2},"end":{"line":14,"column":null}},"9":{"start":{"line":18,"column":2},"end":{"line":18,"column":null}},"10":{"start":{"line":34,"column":14},"end":{"line":34,"column":34}},"11":{"start":{"line":35,"column":22},"end":{"line":35,"column":null}},"12":{"start":{"line":36,"column":19},"end":{"line":36,"column":null}},"13":{"start":{"line":37,"column":26},"end":{"line":37,"column":null}},"14":{"start":{"line":38,"column":18},"end":{"line":38,"column":null}},"15":{"start":{"line":39,"column":2},"end":{"line":39,"column":null}},"16":{"start":{"line":40,"column":31},"end":{"line":40,"column":null}},"17":{"start":{"line":41,"column":2},"end":{"line":41,"column":null}},"18":{"start":{"line":42,"column":18},"end":{"line":42,"column":null}},"19":{"start":{"line":46,"column":19},"end":{"line":46,"column":null}},"20":{"start":{"line":48,"column":2},"end":{"line":68,"column":null}},"21":{"start":{"line":49,"column":4},"end":{"line":67,"column":null}},"22":{"start":{"line":50,"column":6},"end":{"line":50,"column":null}},"23":{"start":{"line":51,"column":24},"end":{"line":51,"column":null}},"24":{"start":{"line":52,"column":19},"end":{"line":52,"column":null}},"25":{"start":{"line":53,"column":18},"end":{"line":53,"column":null}},"26":{"start":{"line":61,"column":6},"end":{"line":66,"column":null}},"27":{"start":{"line":62,"column":8},"end":{"line":62,"column":null}},"28":{"start":{"line":62,"column":56},"end":{"line":62,"column":null}},"29":{"start":{"line":63,"column":8},"end":{"line":63,"column":null}},"30":{"start":{"line":63,"column":23},"end":{"line":63,"column":null}},"31":{"start":{"line":65,"column":8},"end":{"line":65,"column":null}},"32":{"start":{"line":70,"column":19},"end":{"line":85,"column":null}},"33":{"start":{"line":71,"column":4},"end":{"line":71,"column":null}},"34":{"start":{"line":75,"column":19},"end":{"line":75,"column":null}},"35":{"start":{"line":76,"column":4},"end":{"line":84,"column":null}},"36":{"start":{"line":87,"column":19},"end":{"line":95,"column":null}},"37":{"start":{"line":92,"column":4},"end":{"line":92,"column":null}},"38":{"start":{"line":93,"column":4},"end":{"line":93,"column":null}},"39":{"start":{"line":94,"column":4},"end":{"line":94,"column":null}},"40":{"start":{"line":97,"column":2},"end":{"line":97,"column":null}}},"fnMap":{"0":{"name":"sameStrings","decl":{"start":{"line":5,"column":9},"end":{"line":5,"column":21}},"loc":{"start":{"line":5,"column":56},"end":{"line":7,"column":null}},"line":5},"1":{"name":"(anonymous_1)","decl":{"start":{"line":6,"column":36},"end":{"line":6,"column":43}},"loc":{"start":{"line":6,"column":52},"end":{"line":6,"column":62}},"line":6},"2":{"name":"sameEdges","decl":{"start":{"line":9,"column":9},"end":{"line":9,"column":19}},"loc":{"start":{"line":9,"column":74},"end":{"line":15,"column":null}},"line":9},"3":{"name":"sameSettings","decl":{"start":{"line":17,"column":9},"end":{"line":17,"column":22}},"loc":{"start":{"line":17,"column":57},"end":{"line":19,"column":null}},"line":17},"4":{"name":"useBuddyGraph","decl":{"start":{"line":33,"column":16},"end":{"line":33,"column":30}},"loc":{"start":{"line":33,"column":77},"end":{"line":98,"column":null}},"line":33},"5":{"name":"(anonymous_5)","decl":{"start":{"line":48,"column":2},"end":{"line":48,"column":18}},"loc":{"start":{"line":48,"column":18},"end":{"line":68,"column":5}},"line":48},"6":{"name":"(anonymous_6)","decl":{"start":{"line":70,"column":19},"end":{"line":70,"column":32}},"loc":{"start":{"line":70,"column":101},"end":{"line":85,"column":5}},"line":70},"7":{"name":"(anonymous_7)","decl":{"start":{"line":87,"column":19},"end":{"line":87,"column":32}},"loc":{"start":{"line":87,"column":49},"end":{"line":95,"column":5}},"line":87}},"branchMap":{"0":{"loc":{"start":{"line":6,"column":9},"end":{"line":6,"column":null}},"type":"binary-expr","locations":[{"start":{"line":6,"column":9},"end":{"line":6,"column":34}},{"start":{"line":6,"column":34},"end":{"line":6,"column":null}}],"line":6},"1":{"loc":{"start":{"line":10,"column":2},"end":{"line":10,"column":null}},"type":"if","locations":[{"start":{"line":10,"column":2},"end":{"line":10,"column":null}},{"start":{},"end":{}}],"line":10},"2":{"loc":{"start":{"line":12,"column":4},"end":{"line":12,"column":null}},"type":"if","locations":[{"start":{"line":12,"column":4},"end":{"line":12,"column":null}},{"start":{},"end":{}}],"line":12},"3":{"loc":{"start":{"line":12,"column":8},"end":{"line":12,"column":52}},"type":"binary-expr","locations":[{"start":{"line":12,"column":8},"end":{"line":12,"column":31}},{"start":{"line":12,"column":31},"end":{"line":12,"column":52}}],"line":12},"4":{"loc":{"start":{"line":18,"column":9},"end":{"line":18,"column":null}},"type":"binary-expr","locations":[{"start":{"line":18,"column":9},"end":{"line":18,"column":36}},{"start":{"line":18,"column":36},"end":{"line":18,"column":75}},{"start":{"line":18,"column":75},"end":{"line":18,"column":100}},{"start":{"line":18,"column":100},"end":{"line":18,"column":null}}],"line":18},"5":{"loc":{"start":{"line":49,"column":4},"end":{"line":67,"column":null}},"type":"if","locations":[{"start":{"line":49,"column":4},"end":{"line":67,"column":null}},{"start":{},"end":{}}],"line":49},"6":{"loc":{"start":{"line":49,"column":8},"end":{"line":49,"column":99}},"type":"binary-expr","locations":[{"start":{"line":49,"column":8},"end":{"line":49,"column":33}},{"start":{"line":49,"column":33},"end":{"line":49,"column":47}},{"start":{"line":49,"column":47},"end":{"line":49,"column":82}},{"start":{"line":49,"column":82},"end":{"line":49,"column":99}}],"line":49},"7":{"loc":{"start":{"line":61,"column":6},"end":{"line":66,"column":null}},"type":"if","locations":[{"start":{"line":61,"column":6},"end":{"line":66,"column":null}},{"start":{"line":64,"column":13},"end":{"line":66,"column":null}}],"line":61},"8":{"loc":{"start":{"line":61,"column":10},"end":{"line":61,"column":89}},"type":"binary-expr","locations":[{"start":{"line":61,"column":10},"end":{"line":61,"column":17}},{"start":{"line":61,"column":17},"end":{"line":61,"column":55}},{"start":{"line":61,"column":55},"end":{"line":61,"column":89}}],"line":61},"9":{"loc":{"start":{"line":62,"column":8},"end":{"line":62,"column":null}},"type":"if","locations":[{"start":{"line":62,"column":8},"end":{"line":62,"column":null}},{"start":{},"end":{}}],"line":62},"10":{"loc":{"start":{"line":63,"column":8},"end":{"line":63,"column":null}},"type":"if","locations":[{"start":{"line":63,"column":8},"end":{"line":63,"column":null}},{"start":{},"end":{}}],"line":63},"11":{"loc":{"start":{"line":71,"column":49},"end":{"line":71,"column":71}},"type":"binary-expr","locations":[{"start":{"line":71,"column":49},"end":{"line":71,"column":65}},{"start":{"line":71,"column":65},"end":{"line":71,"column":71}}],"line":71},"12":{"loc":{"start":{"line":75,"column":19},"end":{"line":75,"column":null}},"type":"cond-expr","locations":[{"start":{"line":75,"column":77},"end":{"line":75,"column":86}},{"start":{"line":75,"column":86},"end":{"line":75,"column":null}}],"line":75},"13":{"loc":{"start":{"line":75,"column":19},"end":{"line":75,"column":77}},"type":"binary-expr","locations":[{"start":{"line":75,"column":19},"end":{"line":75,"column":47}},{"start":{"line":75,"column":47},"end":{"line":75,"column":77}}],"line":75}},"s":{"0":5,"1":25,"2":5,"3":0,"4":5,"5":5,"6":50,"7":0,"8":5,"9":5,"10":70,"11":70,"12":70,"13":70,"14":70,"15":70,"16":70,"17":70,"18":70,"19":70,"20":70,"21":49,"22":11,"23":11,"24":11,"25":11,"26":11,"27":5,"28":4,"29":5,"30":1,"31":6,"32":70,"33":19,"34":19,"35":19,"36":70,"37":2,"38":2,"39":2,"40":70},"f":{"0":5,"1":25,"2":5,"3":5,"4":70,"5":49,"6":19,"7":2},"b":{"0":[5,5],"1":[0,5],"2":[0,50],"3":[50,50],"4":[5,5,4,3],"5":[11,38],"6":[49,12,12,12],"7":[5,6],"8":[11,5,5],"9":[4,1],"10":[1,4],"11":[19,18],"12":[1,18],"13":[19,2]},"meta":{"lastBranch":14,"lastFunction":8,"lastStatement":41,"seen":{"f:5:9:5:21":0,"s:6:2:6:Infinity":0,"b:6:9:6:34:6:34:6:Infinity":0,"f:6:36:6:43":1,"s:6:52:6:62":1,"f:9:9:9:19":2,"b:10:2:10:Infinity:undefined:undefined:undefined:undefined":1,"s:10:2:10:Infinity":2,"s:10:29:10:Infinity":3,"s:11:2:13:Infinity":4,"s:11:15:11:18":5,"b:12:4:12:Infinity:undefined:undefined:undefined:undefined":2,"s:12:4:12:Infinity":6,"b:12:8:12:31:12:31:12:52":3,"s:12:52:12:Infinity":7,"s:14:2:14:Infinity":8,"f:17:9:17:22":3,"s:18:2:18:Infinity":9,"b:18:9:18:36:18:36:18:75:18:75:18:100:18:100:18:Infinity":4,"f:33:16:33:30":4,"s:34:14:34:34":10,"s:35:22:35:Infinity":11,"s:36:19:36:Infinity":12,"s:37:26:37:Infinity":13,"s:38:18:38:Infinity":14,"s:39:2:39:Infinity":15,"s:40:31:40:Infinity":16,"s:41:2:41:Infinity":17,"s:42:18:42:Infinity":18,"s:46:19:46:Infinity":19,"s:48:2:68:Infinity":20,"f:48:2:48:18":5,"b:49:4:67:Infinity:undefined:undefined:undefined:undefined":5,"s:49:4:67:Infinity":21,"b:49:8:49:33:49:33:49:47:49:47:49:82:49:82:49:99":6,"s:50:6:50:Infinity":22,"s:51:24:51:Infinity":23,"s:52:19:52:Infinity":24,"s:53:18:53:Infinity":25,"b:61:6:66:Infinity:64:13:66:Infinity":7,"s:61:6:66:Infinity":26,"b:61:10:61:17:61:17:61:55:61:55:61:89":8,"b:62:8:62:Infinity:undefined:undefined:undefined:undefined":9,"s:62:8:62:Infinity":27,"s:62:56:62:Infinity":28,"b:63:8:63:Infinity:undefined:undefined:undefined:undefined":10,"s:63:8:63:Infinity":29,"s:63:23:63:Infinity":30,"s:65:8:65:Infinity":31,"s:70:19:85:Infinity":32,"f:70:19:70:32":6,"s:71:4:71:Infinity":33,"b:71:49:71:65:71:65:71:71":11,"s:75:19:75:Infinity":34,"b:75:77:75:86:75:86:75:Infinity":12,"b:75:19:75:47:75:47:75:77":13,"s:76:4:84:Infinity":35,"s:87:19:95:Infinity":36,"f:87:19:87:32":7,"s:92:4:92:Infinity":37,"s:93:4:93:Infinity":38,"s:94:4:94:Infinity":39,"s:97:2:97:Infinity":40},"fnNames":{}}}
,"/home/user/ringweave/app/src/state/useNotice.ts": {"path":"/home/user/ringweave/app/src/state/useNotice.ts","statementMap":{"0":{"start":{"line":3,"column":22},"end":{"line":3,"column":null}},"1":{"start":{"line":12,"column":30},"end":{"line":12,"column":null}},"2":{"start":{"line":13,"column":16},"end":{"line":13,"column":null}},"3":{"start":{"line":15,"column":16},"end":{"line":15,"column":null}},"4":{"start":{"line":15,"column":34},"end":{"line":15,"column":51}},"5":{"start":{"line":16,"column":15},"end":{"line":16,"column":null}},"6":{"start":{"line":16,"column":48},"end":{"line":16,"column":68}},"7":{"start":{"line":17,"column":16},"end":{"line":21,"column":null}},"8":{"start":{"line":18,"column":4},"end":{"line":18,"column":null}},"9":{"start":{"line":19,"column":4},"end":{"line":19,"column":null}},"10":{"start":{"line":19,"column":23},"end":{"line":19,"column":null}},"11":{"start":{"line":20,"column":4},"end":{"line":20,"column":null}},"12":{"start":{"line":20,"column":37},"end":{"line":20,"column":83}},"13":{"start":{"line":20,"column":55},"end":{"line":20,"column":80}},"14":{"start":{"line":23,"column":2},"end":{"line":23,"column":null}}},"fnMap":{"0":{"name":"useNotice","decl":{"start":{"line":11,"column":16},"end":{"line":11,"column":28}},"loc":{"start":{"line":11,"column":28},"end":{"line":24,"column":null}},"line":11},"1":{"name":"(anonymous_1)","decl":{"start":{"line":15,"column":16},"end":{"line":15,"column":34}},"loc":{"start":{"line":15,"column":34},"end":{"line":15,"column":51}},"line":15},"2":{"name":"(anonymous_2)","decl":{"start":{"line":16,"column":15},"end":{"line":16,"column":28}},"loc":{"start":{"line":16,"column":48},"end":{"line":16,"column":68}},"line":16},"3":{"name":"(anonymous_3)","decl":{"start":{"line":17,"column":16},"end":{"line":17,"column":29}},"loc":{"start":{"line":17,"column":49},"end":{"line":21,"column":5}},"line":17},"4":{"name":"(anonymous_4)","decl":{"start":{"line":20,"column":20},"end":{"line":20,"column":37}},"loc":{"start":{"line":20,"column":37},"end":{"line":20,"column":83}},"line":20},"5":{"name":"(anonymous_5)","decl":{"start":{"line":20,"column":37},"end":{"line":20,"column":48}},"loc":{"start":{"line":20,"column":55},"end":{"line":20,"column":80}},"line":20}},"branchMap":{"0":{"loc":{"start":{"line":19,"column":4},"end":{"line":19,"column":null}},"type":"if","locations":[{"start":{"line":19,"column":4},"end":{"line":19,"column":null}},{"start":{},"end":{}}],"line":19},"1":{"loc":{"start":{"line":20,"column":55},"end":{"line":20,"column":80}},"type":"cond-expr","locations":[{"start":{"line":20,"column":71},"end":{"line":20,"column":78}},{"start":{"line":20,"column":78},"end":{"line":20,"column":80}}],"line":20}},"s":{"0":2,"1":36,"2":36,"3":36,"4":7,"5":36,"6":6,"7":36,"8":3,"9":3,"10":1,"11":3,"12":2,"13":2,"14":36},"f":{"0":36,"1":7,"2":6,"3":3,"4":2,"5":2},"b":{"0":[1,2],"1":[2,0]},"meta":{"lastBranch":2,"lastFunction":6,"lastStatement":15,"seen":{"s:3:22:3:Infinity":0,"f:11:16:11:28":0,"s:12:30:12:Infinity":1,"s:13:16:13:Infinity":2,"s:15:16:15:Infinity":3,"f:15:16:15:34":1,"s:15:34:15:51":4,"s:16:15:16:Infinity":5,"f:16:15:16:28":2,"s:16:48:16:68":6,"s:17:16:21:Infinity":7,"f:17:16:17:29":3,"s:18:4:18:Infinity":8,"b:19:4:19:Infinity:undefined:undefined:undefined:undefined":0,"s:19:4:19:Infinity":9,"s:19:23:19:Infinity":10,"s:20:4:20:Infinity":11,"f:20:20:20:37":4,"s:20:37:20:83":12,"f:20:37:20:48":5,"s:20:55:20:80":13,"b:20:71:20:78:20:78:20:80":1,"s:23:2:23:Infinity":14},"fnNames":{}}}
}
